#
# A fatal error has been detected by the Java Runtime Environment:
#
#  Internal Error (generateOopMap.cpp:2164), pid=48364, tid=13315
#  fatal error: Illegal class file encountered. Try running with -Xverify:all in method whenLoadCredentials
#
# JRE version: OpenJDK Runtime Environment (11.0.7+10) (build 11.0.7+10-LTS)
# Java VM: OpenJDK 64-Bit Server VM (11.0.7+10-LTS, mixed mode, tiered, compressed oops, g1 gc, bsd-amd64)
# No core dump will be written. Core dumps have been disabled. To enable core dumping, try "ulimit -c unlimited" before starting Java again
#
# If you would like to submit a bug report, please visit:
#   http://bugreport.java.com/bugreport/crash.jsp
#

---------------  S U M M A R Y ------------

Command Line: -agentlib:jdwp=transport=dt_socket,suspend=y,address=localhost:54187 -ea -javaagent:/usr/local/DevTools/eclipse/ide/2020-12-conductor/Eclipse.app/Contents/Eclipse/configuration/org.eclipse.osgi/257/0/.cp/lib/javaagent-shaded.jar -Dfile.encoding=UTF-8 org.eclipse.jdt.internal.junit.runner.RemoteTestRunner -version 3 -port 54186 -testLoaderClass org.eclipse.jdt.internal.junit5.runner.JUnit5TestLoader -loaderpluginname org.eclipse.jdt.junit5.runtime -test io.dangernoodle.grt.credentials.JsonCredentialsTest:testNullCredentials -uniqueId [engine:junit-jupiter]/[class:io.dangernoodle.grt.credentials.JsonCredentialsTest]/[method:testNullCredentials()]

Host: MacBookPro16,1 x86_64 2400 MHz, 16 cores, 32G, Darwin 21.1.0
Time: Fri Mar  4 15:54:58 2022 MST elapsed time: 293 seconds (0d 0h 4m 53s)

---------------  T H R E A D  ---------------

Current thread (0x00007f7d3d1e6000):  VMThread "VM Thread" [stack: 0x000070000fca0000,0x000070000fda0000] [id=13315]

Stack: [0x000070000fca0000,0x000070000fda0000],  sp=0x000070000fd9ee00,  free space=1019k
Native frames: (J=compiled Java code, A=aot compiled Java code, j=interpreted, Vv=VM code, C=native code)
V  [libjvm.dylib+0x75e62d]  _ZN7VMError14report_and_dieEiPKcS1_P13__va_list_tagP6ThreadPhPvS7_S1_im+0x677
V  [libjvm.dylib+0x75ed74]  _ZN7VMError14report_and_dieEP6ThreadPvPKciS4_S4_P13__va_list_tag+0x4a
V  [libjvm.dylib+0x26868a]  _Z12report_fatalPKciS0_z+0xba
V  [libjvm.dylib+0x3575e5]  _ZN14GenerateOopMap10error_workEPKcP13__va_list_tag+0xeb
V  [libjvm.dylib+0x35490d]  _ZN14GenerateOopMap12report_errorEPKcz+0x8d
V  [libjvm.dylib+0x354df0]  _ZN14GenerateOopMap7get_varEi+0x16
V  [libjvm.dylib+0x35673b]  _ZN14GenerateOopMap6pploadEP13CellTypeStatei+0x29
V  [libjvm.dylib+0x355542]  _ZN14GenerateOopMap9interp_bbEP10BasicBlock+0xe2
V  [libjvm.dylib+0x35525c]  _ZN14GenerateOopMap10interp_allEv+0x42
V  [libjvm.dylib+0x354f73]  _ZN14GenerateOopMap17do_interpretationEv+0x4b
V  [libjvm.dylib+0x35740c]  _ZN14GenerateOopMap11compute_mapEP6Thread+0x176
V  [libjvm.dylib+0x5f4d22]  _ZN19OopMapForCacheEntry11compute_mapEP6Thread+0x54
V  [libjvm.dylib+0x5f553e]  _ZN16OopMapCacheEntry4fillERK12methodHandlei+0xa0
V  [libjvm.dylib+0x5f5e85]  _ZN11OopMapCache19compute_one_oop_mapERK12methodHandleiP17InterpreterOopMap+0x71
V  [libjvm.dylib+0x5b9ba7]  _ZN6Method8mask_forEiP17InterpreterOopMap+0x7f
V  [libjvm.dylib+0x4c35fd]  _ZN16VM_GetOrSetLocal4doitEv+0x45
V  [libjvm.dylib+0x760349]  _ZN12VM_Operation8evaluateEv+0xd5
V  [libjvm.dylib+0x76801c]  _ZN8VMThread18evaluate_operationEP12VM_Operation+0x174
V  [libjvm.dylib+0x767bdb]  _ZN8VMThread4loopEv+0x369
V  [libjvm.dylib+0x767784]  _ZN8VMThread3runEv+0x6e
V  [libjvm.dylib+0x703df6]  _ZN6Thread8call_runEv+0x68
V  [libjvm.dylib+0x5fe743]  _ZL19thread_native_entryP6Thread+0x138
C  [libsystem_pthread.dylib+0x6514]  _pthread_start+0x7d
C  [libsystem_pthread.dylib+0x202f]  thread_start+0xf

VM_Operation (0x0000700010ac9aa0): GetOrSetLocal, mode: safepoint, requested by thread 0x00007f7d3e011000


---------------  P R O C E S S  ---------------

Threads class SMR info:
_java_thread_list=0x0000600000b14420, length=14, elements={
0x00007f7d3d011800, 0x00007f7d2d00f800, 0x00007f7d2d014800, 0x00007f7d3e012000,
0x00007f7d3e00d800, 0x00007f7d3d1e9800, 0x00007f7d1c80a800, 0x00007f7cfc80c800,
0x00007f7d3e011000, 0x00007f7d3e0a5000, 0x00007f7d2d010000, 0x00007f7cdc81f800,
0x00007f7d3d328000, 0x00007f7d3d3e5800
}

Java Threads: ( => current thread )
  0x00007f7d3d011800 JavaThread "main" [_thread_blocked, id=6403, stack(0x000070000f68e000,0x000070000f78e000)]
  0x00007f7d2d00f800 JavaThread "Reference Handler" daemon [_thread_blocked, id=18179, stack(0x000070000fda3000,0x000070000fea3000)]
  0x00007f7d2d014800 JavaThread "Finalizer" daemon [_thread_blocked, id=17667, stack(0x000070000fea6000,0x000070000ffa6000)]
  0x00007f7d3e012000 JavaThread "Signal Dispatcher" daemon [_thread_blocked, id=15107, stack(0x00007000100af000,0x00007000101af000)]
  0x00007f7d3e00d800 JavaThread "C2 CompilerThread0" daemon [_thread_blocked, id=22019, stack(0x00007000101b2000,0x00007000102b2000)]
  0x00007f7d3d1e9800 JavaThread "C1 CompilerThread0" daemon [_thread_blocked, id=22275, stack(0x00007000102b5000,0x00007000103b5000)]
  0x00007f7d1c80a800 JavaThread "Sweeper thread" daemon [_thread_blocked, id=42755, stack(0x00007000103b8000,0x00007000104b8000)]
  0x00007f7cfc80c800 JavaThread "Common-Cleaner" daemon [_thread_blocked, id=42243, stack(0x00007000104bb000,0x00007000105bb000)]
  0x00007f7d3e011000 JavaThread "JDWP Transport Listener: dt_socket" daemon [_thread_blocked, id=40195, stack(0x00007000109ca000,0x0000700010aca000)] _threads_hazard_ptr=0x0000600000b14420
  0x00007f7d3e0a5000 JavaThread "JDWP Event Helper Thread" daemon [_thread_blocked, id=39939, stack(0x0000700010acd000,0x0000700010bcd000)]
  0x00007f7d2d010000 JavaThread "JDWP Command Reader" daemon [_thread_in_native, id=39171, stack(0x0000700010bd0000,0x0000700010cd0000)]
  0x00007f7cdc81f800 JavaThread "Service Thread" daemon [_thread_blocked, id=40711, stack(0x00007000108c7000,0x00007000109c7000)]
  0x00007f7d3d328000 JavaThread "ReaderThread" [_thread_in_native, id=38403, stack(0x0000700010dd6000,0x0000700010ed6000)]
  0x00007f7d3d3e5800 JavaThread "Attach Listener" daemon [_thread_blocked, id=30723, stack(0x0000700011f09000,0x0000700012009000)]

Other Threads:
=>0x00007f7d3d1e6000 VMThread "VM Thread" [stack: 0x000070000fca0000,0x000070000fda0000] [id=13315]
  0x00007f7d1c84f800 WatcherThread [stack: 0x0000700010cd3000,0x0000700010dd3000] [id=38915]
  0x00007f7d3d012800 GCTaskThread "GC Thread#0" [stack: 0x000070000f791000,0x000070000f891000] [id=11267]
  0x00007f7d1c81b800 GCTaskThread "GC Thread#1" [stack: 0x0000700010ed9000,0x0000700010fd9000] [id=37891]
  0x00007f7d3e1b8800 GCTaskThread "GC Thread#2" [stack: 0x0000700010fdc000,0x00007000110dc000] [id=37635]
  0x00007f7d2d213800 GCTaskThread "GC Thread#3" [stack: 0x00007000110df000,0x00007000111df000] [id=37379]
  0x00007f7d3e1b9000 GCTaskThread "GC Thread#4" [stack: 0x00007000111e2000,0x00007000112e2000] [id=36867]
  0x00007f7d2d0d1000 GCTaskThread "GC Thread#5" [stack: 0x00007000112e5000,0x00007000113e5000] [id=36611]
  0x00007f7cfc9da000 GCTaskThread "GC Thread#6" [stack: 0x00007000113e8000,0x00007000114e8000] [id=36355]
  0x00007f7cfc849800 GCTaskThread "GC Thread#7" [stack: 0x00007000114eb000,0x00007000115eb000] [id=27395]
  0x00007f7d3c9df800 GCTaskThread "GC Thread#8" [stack: 0x00007000115ee000,0x00007000116ee000] [id=36099]
  0x00007f7d3e20a000 GCTaskThread "GC Thread#9" [stack: 0x00007000116f1000,0x00007000117f1000] [id=27907]
  0x00007f7d3e20a800 GCTaskThread "GC Thread#10" [stack: 0x00007000117f4000,0x00007000118f4000] [id=28419]
  0x00007f7d3e20b800 GCTaskThread "GC Thread#11" [stack: 0x00007000118f7000,0x00007000119f7000] [id=28675]
  0x00007f7d3d057800 ConcurrentGCThread "G1 Main Marker" [stack: 0x000070000f894000,0x000070000f994000] [id=11523]
  0x00007f7d3d058800 ConcurrentGCThread "G1 Conc#0" [stack: 0x000070000f997000,0x000070000fa97000] [id=19715]
  0x00007f7d1c8ae800 ConcurrentGCThread "G1 Conc#1" [stack: 0x0000700011c00000,0x0000700011d00000] [id=34819]
  0x00007f7cdc927000 ConcurrentGCThread "G1 Conc#2" [stack: 0x0000700011d03000,0x0000700011e03000] [id=30211]
  0x00007f7d3d18d000 ConcurrentGCThread "G1 Refine#0" [stack: 0x000070000fa9a000,0x000070000fb9a000] [id=12291]
  0x00007f7d3d18e000 ConcurrentGCThread "G1 Young RemSet Sampling" [stack: 0x000070000fb9d000,0x000070000fc9d000] [id=12803]

Threads with active compile tasks:

VM state:at safepoint (normal execution)

VM Mutex/Monitor currently owned by a thread:  ([mutex/lock_event])
[0x00006000025a5d00] Threads_lock - owner thread: 0x00007f7d3d1e6000

Heap address: 0x0000000600000000, size: 8192 MB, Compressed Oops mode: Zero based, Oop shift amount: 3
Narrow klass base: 0x0000000800000000, Narrow klass shift: 0
Compressed class space size: 1073741824 Address: 0x0000000800000000

Heap:
 garbage-first heap   total 524288K, used 23873K [0x0000000600000000, 0x0000000800000000)
  region size 2048K, 13 young (26624K), 3 survivors (6144K)
 Metaspace       used 22401K, capacity 23019K, committed 23296K, reserved 1069056K
  class space    used 2753K, capacity 2984K, committed 3072K, reserved 1048576K
Heap Regions: E=young(eden), S=young(survivor), O=old, HS=humongous(starts), HC=humongous(continues), CS=collection set, F=free, A=archive, TAMS=top-at-mark-start (previous, next)
|   0|0x0000000600000000, 0x0000000600000000, 0x0000000600200000|  0%| F|  |TAMS 0x0000000600000000, 0x0000000600000000| Untracked 
|   1|0x0000000600200000, 0x0000000600200000, 0x0000000600400000|  0%| F|  |TAMS 0x0000000600200000, 0x0000000600200000| Untracked 
|   2|0x0000000600400000, 0x0000000600400000, 0x0000000600600000|  0%| F|  |TAMS 0x0000000600400000, 0x0000000600400000| Untracked 
|   3|0x0000000600600000, 0x0000000600600000, 0x0000000600800000|  0%| F|  |TAMS 0x0000000600600000, 0x0000000600600000| Untracked 
|   4|0x0000000600800000, 0x0000000600800000, 0x0000000600a00000|  0%| F|  |TAMS 0x0000000600800000, 0x0000000600800000| Untracked 
|   5|0x0000000600a00000, 0x0000000600a00000, 0x0000000600c00000|  0%| F|  |TAMS 0x0000000600a00000, 0x0000000600a00000| Untracked 
|   6|0x0000000600c00000, 0x0000000600c00000, 0x0000000600e00000|  0%| F|  |TAMS 0x0000000600c00000, 0x0000000600c00000| Untracked 
|   7|0x0000000600e00000, 0x0000000600e00000, 0x0000000601000000|  0%| F|  |TAMS 0x0000000600e00000, 0x0000000600e00000| Untracked 
|   8|0x0000000601000000, 0x0000000601000000, 0x0000000601200000|  0%| F|  |TAMS 0x0000000601000000, 0x0000000601000000| Untracked 
|   9|0x0000000601200000, 0x0000000601200000, 0x0000000601400000|  0%| F|  |TAMS 0x0000000601200000, 0x0000000601200000| Untracked 
|  10|0x0000000601400000, 0x0000000601400000, 0x0000000601600000|  0%| F|  |TAMS 0x0000000601400000, 0x0000000601400000| Untracked 
|  11|0x0000000601600000, 0x0000000601600000, 0x0000000601800000|  0%| F|  |TAMS 0x0000000601600000, 0x0000000601600000| Untracked 
|  12|0x0000000601800000, 0x0000000601800000, 0x0000000601a00000|  0%| F|  |TAMS 0x0000000601800000, 0x0000000601800000| Untracked 
|  13|0x0000000601a00000, 0x0000000601a00000, 0x0000000601c00000|  0%| F|  |TAMS 0x0000000601a00000, 0x0000000601a00000| Untracked 
|  14|0x0000000601c00000, 0x0000000601c00000, 0x0000000601e00000|  0%| F|  |TAMS 0x0000000601c00000, 0x0000000601c00000| Untracked 
|  15|0x0000000601e00000, 0x0000000601e00000, 0x0000000602000000|  0%| F|  |TAMS 0x0000000601e00000, 0x0000000601e00000| Untracked 
|  16|0x0000000602000000, 0x0000000602000000, 0x0000000602200000|  0%| F|  |TAMS 0x0000000602000000, 0x0000000602000000| Untracked 
|  17|0x0000000602200000, 0x0000000602200000, 0x0000000602400000|  0%| F|  |TAMS 0x0000000602200000, 0x0000000602200000| Untracked 
|  18|0x0000000602400000, 0x0000000602400000, 0x0000000602600000|  0%| F|  |TAMS 0x0000000602400000, 0x0000000602400000| Untracked 
|  19|0x0000000602600000, 0x0000000602600000, 0x0000000602800000|  0%| F|  |TAMS 0x0000000602600000, 0x0000000602600000| Untracked 
|  20|0x0000000602800000, 0x0000000602800000, 0x0000000602a00000|  0%| F|  |TAMS 0x0000000602800000, 0x0000000602800000| Untracked 
|  21|0x0000000602a00000, 0x0000000602a00000, 0x0000000602c00000|  0%| F|  |TAMS 0x0000000602a00000, 0x0000000602a00000| Untracked 
|  22|0x0000000602c00000, 0x0000000602c00000, 0x0000000602e00000|  0%| F|  |TAMS 0x0000000602c00000, 0x0000000602c00000| Untracked 
|  23|0x0000000602e00000, 0x0000000602e00000, 0x0000000603000000|  0%| F|  |TAMS 0x0000000602e00000, 0x0000000602e00000| Untracked 
|  24|0x0000000603000000, 0x0000000603000000, 0x0000000603200000|  0%| F|  |TAMS 0x0000000603000000, 0x0000000603000000| Untracked 
|  25|0x0000000603200000, 0x0000000603200000, 0x0000000603400000|  0%| F|  |TAMS 0x0000000603200000, 0x0000000603200000| Untracked 
|  26|0x0000000603400000, 0x0000000603400000, 0x0000000603600000|  0%| F|  |TAMS 0x0000000603400000, 0x0000000603400000| Untracked 
|  27|0x0000000603600000, 0x0000000603600000, 0x0000000603800000|  0%| F|  |TAMS 0x0000000603600000, 0x0000000603600000| Untracked 
|  28|0x0000000603800000, 0x0000000603800000, 0x0000000603a00000|  0%| F|  |TAMS 0x0000000603800000, 0x0000000603800000| Untracked 
|  29|0x0000000603a00000, 0x0000000603a00000, 0x0000000603c00000|  0%| F|  |TAMS 0x0000000603a00000, 0x0000000603a00000| Untracked 
|  30|0x0000000603c00000, 0x0000000603c00000, 0x0000000603e00000|  0%| F|  |TAMS 0x0000000603c00000, 0x0000000603c00000| Untracked 
|  31|0x0000000603e00000, 0x0000000603e00000, 0x0000000604000000|  0%| F|  |TAMS 0x0000000603e00000, 0x0000000603e00000| Untracked 
|  32|0x0000000604000000, 0x0000000604000000, 0x0000000604200000|  0%| F|  |TAMS 0x0000000604000000, 0x0000000604000000| Untracked 
|  33|0x0000000604200000, 0x0000000604200000, 0x0000000604400000|  0%| F|  |TAMS 0x0000000604200000, 0x0000000604200000| Untracked 
|  34|0x0000000604400000, 0x0000000604400000, 0x0000000604600000|  0%| F|  |TAMS 0x0000000604400000, 0x0000000604400000| Untracked 
|  35|0x0000000604600000, 0x0000000604600000, 0x0000000604800000|  0%| F|  |TAMS 0x0000000604600000, 0x0000000604600000| Untracked 
|  36|0x0000000604800000, 0x0000000604800000, 0x0000000604a00000|  0%| F|  |TAMS 0x0000000604800000, 0x0000000604800000| Untracked 
|  37|0x0000000604a00000, 0x0000000604a00000, 0x0000000604c00000|  0%| F|  |TAMS 0x0000000604a00000, 0x0000000604a00000| Untracked 
|  38|0x0000000604c00000, 0x0000000604c00000, 0x0000000604e00000|  0%| F|  |TAMS 0x0000000604c00000, 0x0000000604c00000| Untracked 
|  39|0x0000000604e00000, 0x0000000604e00000, 0x0000000605000000|  0%| F|  |TAMS 0x0000000604e00000, 0x0000000604e00000| Untracked 
|  40|0x0000000605000000, 0x0000000605000000, 0x0000000605200000|  0%| F|  |TAMS 0x0000000605000000, 0x0000000605000000| Untracked 
|  41|0x0000000605200000, 0x0000000605200000, 0x0000000605400000|  0%| F|  |TAMS 0x0000000605200000, 0x0000000605200000| Untracked 
|  42|0x0000000605400000, 0x0000000605400000, 0x0000000605600000|  0%| F|  |TAMS 0x0000000605400000, 0x0000000605400000| Untracked 
|  43|0x0000000605600000, 0x0000000605600000, 0x0000000605800000|  0%| F|  |TAMS 0x0000000605600000, 0x0000000605600000| Untracked 
|  44|0x0000000605800000, 0x0000000605800000, 0x0000000605a00000|  0%| F|  |TAMS 0x0000000605800000, 0x0000000605800000| Untracked 
|  45|0x0000000605a00000, 0x0000000605a00000, 0x0000000605c00000|  0%| F|  |TAMS 0x0000000605a00000, 0x0000000605a00000| Untracked 
|  46|0x0000000605c00000, 0x0000000605c00000, 0x0000000605e00000|  0%| F|  |TAMS 0x0000000605c00000, 0x0000000605c00000| Untracked 
|  47|0x0000000605e00000, 0x0000000605e00000, 0x0000000606000000|  0%| F|  |TAMS 0x0000000605e00000, 0x0000000605e00000| Untracked 
|  48|0x0000000606000000, 0x0000000606000000, 0x0000000606200000|  0%| F|  |TAMS 0x0000000606000000, 0x0000000606000000| Untracked 
|  49|0x0000000606200000, 0x0000000606200000, 0x0000000606400000|  0%| F|  |TAMS 0x0000000606200000, 0x0000000606200000| Untracked 
|  50|0x0000000606400000, 0x0000000606400000, 0x0000000606600000|  0%| F|  |TAMS 0x0000000606400000, 0x0000000606400000| Untracked 
|  51|0x0000000606600000, 0x0000000606600000, 0x0000000606800000|  0%| F|  |TAMS 0x0000000606600000, 0x0000000606600000| Untracked 
|  52|0x0000000606800000, 0x0000000606800000, 0x0000000606a00000|  0%| F|  |TAMS 0x0000000606800000, 0x0000000606800000| Untracked 
|  53|0x0000000606a00000, 0x0000000606a00000, 0x0000000606c00000|  0%| F|  |TAMS 0x0000000606a00000, 0x0000000606a00000| Untracked 
|  54|0x0000000606c00000, 0x0000000606c00000, 0x0000000606e00000|  0%| F|  |TAMS 0x0000000606c00000, 0x0000000606c00000| Untracked 
|  55|0x0000000606e00000, 0x0000000606e00000, 0x0000000607000000|  0%| F|  |TAMS 0x0000000606e00000, 0x0000000606e00000| Untracked 
|  56|0x0000000607000000, 0x0000000607000000, 0x0000000607200000|  0%| F|  |TAMS 0x0000000607000000, 0x0000000607000000| Untracked 
|  57|0x0000000607200000, 0x0000000607200000, 0x0000000607400000|  0%| F|  |TAMS 0x0000000607200000, 0x0000000607200000| Untracked 
|  58|0x0000000607400000, 0x0000000607400000, 0x0000000607600000|  0%| F|  |TAMS 0x0000000607400000, 0x0000000607400000| Untracked 
|  59|0x0000000607600000, 0x0000000607600000, 0x0000000607800000|  0%| F|  |TAMS 0x0000000607600000, 0x0000000607600000| Untracked 
|  60|0x0000000607800000, 0x0000000607800000, 0x0000000607a00000|  0%| F|  |TAMS 0x0000000607800000, 0x0000000607800000| Untracked 
|  61|0x0000000607a00000, 0x0000000607a00000, 0x0000000607c00000|  0%| F|  |TAMS 0x0000000607a00000, 0x0000000607a00000| Untracked 
|  62|0x0000000607c00000, 0x0000000607c00000, 0x0000000607e00000|  0%| F|  |TAMS 0x0000000607c00000, 0x0000000607c00000| Untracked 
|  63|0x0000000607e00000, 0x0000000607e00000, 0x0000000608000000|  0%| F|  |TAMS 0x0000000607e00000, 0x0000000607e00000| Untracked 
|  64|0x0000000608000000, 0x0000000608000000, 0x0000000608200000|  0%| F|  |TAMS 0x0000000608000000, 0x0000000608000000| Untracked 
|  65|0x0000000608200000, 0x0000000608200000, 0x0000000608400000|  0%| F|  |TAMS 0x0000000608200000, 0x0000000608200000| Untracked 
|  66|0x0000000608400000, 0x0000000608400000, 0x0000000608600000|  0%| F|  |TAMS 0x0000000608400000, 0x0000000608400000| Untracked 
|  67|0x0000000608600000, 0x0000000608600000, 0x0000000608800000|  0%| F|  |TAMS 0x0000000608600000, 0x0000000608600000| Untracked 
|  68|0x0000000608800000, 0x0000000608800000, 0x0000000608a00000|  0%| F|  |TAMS 0x0000000608800000, 0x0000000608800000| Untracked 
|  69|0x0000000608a00000, 0x0000000608a00000, 0x0000000608c00000|  0%| F|  |TAMS 0x0000000608a00000, 0x0000000608a00000| Untracked 
|  70|0x0000000608c00000, 0x0000000608c00000, 0x0000000608e00000|  0%| F|  |TAMS 0x0000000608c00000, 0x0000000608c00000| Untracked 
|  71|0x0000000608e00000, 0x0000000608e00000, 0x0000000609000000|  0%| F|  |TAMS 0x0000000608e00000, 0x0000000608e00000| Untracked 
|  72|0x0000000609000000, 0x0000000609000000, 0x0000000609200000|  0%| F|  |TAMS 0x0000000609000000, 0x0000000609000000| Untracked 
|  73|0x0000000609200000, 0x0000000609200000, 0x0000000609400000|  0%| F|  |TAMS 0x0000000609200000, 0x0000000609200000| Untracked 
|  74|0x0000000609400000, 0x0000000609400000, 0x0000000609600000|  0%| F|  |TAMS 0x0000000609400000, 0x0000000609400000| Untracked 
|  75|0x0000000609600000, 0x0000000609600000, 0x0000000609800000|  0%| F|  |TAMS 0x0000000609600000, 0x0000000609600000| Untracked 
|  76|0x0000000609800000, 0x0000000609800000, 0x0000000609a00000|  0%| F|  |TAMS 0x0000000609800000, 0x0000000609800000| Untracked 
|  77|0x0000000609a00000, 0x0000000609a00000, 0x0000000609c00000|  0%| F|  |TAMS 0x0000000609a00000, 0x0000000609a00000| Untracked 
|  78|0x0000000609c00000, 0x0000000609c00000, 0x0000000609e00000|  0%| F|  |TAMS 0x0000000609c00000, 0x0000000609c00000| Untracked 
|  79|0x0000000609e00000, 0x0000000609e00000, 0x000000060a000000|  0%| F|  |TAMS 0x0000000609e00000, 0x0000000609e00000| Untracked 
|  80|0x000000060a000000, 0x000000060a000000, 0x000000060a200000|  0%| F|  |TAMS 0x000000060a000000, 0x000000060a000000| Untracked 
|  81|0x000000060a200000, 0x000000060a200000, 0x000000060a400000|  0%| F|  |TAMS 0x000000060a200000, 0x000000060a200000| Untracked 
|  82|0x000000060a400000, 0x000000060a400000, 0x000000060a600000|  0%| F|  |TAMS 0x000000060a400000, 0x000000060a400000| Untracked 
|  83|0x000000060a600000, 0x000000060a600000, 0x000000060a800000|  0%| F|  |TAMS 0x000000060a600000, 0x000000060a600000| Untracked 
|  84|0x000000060a800000, 0x000000060a800000, 0x000000060aa00000|  0%| F|  |TAMS 0x000000060a800000, 0x000000060a800000| Untracked 
|  85|0x000000060aa00000, 0x000000060aa00000, 0x000000060ac00000|  0%| F|  |TAMS 0x000000060aa00000, 0x000000060aa00000| Untracked 
|  86|0x000000060ac00000, 0x000000060ac00000, 0x000000060ae00000|  0%| F|  |TAMS 0x000000060ac00000, 0x000000060ac00000| Untracked 
|  87|0x000000060ae00000, 0x000000060ae00000, 0x000000060b000000|  0%| F|  |TAMS 0x000000060ae00000, 0x000000060ae00000| Untracked 
|  88|0x000000060b000000, 0x000000060b000000, 0x000000060b200000|  0%| F|  |TAMS 0x000000060b000000, 0x000000060b000000| Untracked 
|  89|0x000000060b200000, 0x000000060b200000, 0x000000060b400000|  0%| F|  |TAMS 0x000000060b200000, 0x000000060b200000| Untracked 
|  90|0x000000060b400000, 0x000000060b400000, 0x000000060b600000|  0%| F|  |TAMS 0x000000060b400000, 0x000000060b400000| Untracked 
|  91|0x000000060b600000, 0x000000060b600000, 0x000000060b800000|  0%| F|  |TAMS 0x000000060b600000, 0x000000060b600000| Untracked 
|  92|0x000000060b800000, 0x000000060b800000, 0x000000060ba00000|  0%| F|  |TAMS 0x000000060b800000, 0x000000060b800000| Untracked 
|  93|0x000000060ba00000, 0x000000060ba00000, 0x000000060bc00000|  0%| F|  |TAMS 0x000000060ba00000, 0x000000060ba00000| Untracked 
|  94|0x000000060bc00000, 0x000000060bc00000, 0x000000060be00000|  0%| F|  |TAMS 0x000000060bc00000, 0x000000060bc00000| Untracked 
|  95|0x000000060be00000, 0x000000060be00000, 0x000000060c000000|  0%| F|  |TAMS 0x000000060be00000, 0x000000060be00000| Untracked 
|  96|0x000000060c000000, 0x000000060c000000, 0x000000060c200000|  0%| F|  |TAMS 0x000000060c000000, 0x000000060c000000| Untracked 
|  97|0x000000060c200000, 0x000000060c200000, 0x000000060c400000|  0%| F|  |TAMS 0x000000060c200000, 0x000000060c200000| Untracked 
|  98|0x000000060c400000, 0x000000060c400000, 0x000000060c600000|  0%| F|  |TAMS 0x000000060c400000, 0x000000060c400000| Untracked 
|  99|0x000000060c600000, 0x000000060c600000, 0x000000060c800000|  0%| F|  |TAMS 0x000000060c600000, 0x000000060c600000| Untracked 
| 100|0x000000060c800000, 0x000000060c800000, 0x000000060ca00000|  0%| F|  |TAMS 0x000000060c800000, 0x000000060c800000| Untracked 
| 101|0x000000060ca00000, 0x000000060ca00000, 0x000000060cc00000|  0%| F|  |TAMS 0x000000060ca00000, 0x000000060ca00000| Untracked 
| 102|0x000000060cc00000, 0x000000060cc00000, 0x000000060ce00000|  0%| F|  |TAMS 0x000000060cc00000, 0x000000060cc00000| Untracked 
| 103|0x000000060ce00000, 0x000000060ce00000, 0x000000060d000000|  0%| F|  |TAMS 0x000000060ce00000, 0x000000060ce00000| Untracked 
| 104|0x000000060d000000, 0x000000060d000000, 0x000000060d200000|  0%| F|  |TAMS 0x000000060d000000, 0x000000060d000000| Untracked 
| 105|0x000000060d200000, 0x000000060d200000, 0x000000060d400000|  0%| F|  |TAMS 0x000000060d200000, 0x000000060d200000| Untracked 
| 106|0x000000060d400000, 0x000000060d400000, 0x000000060d600000|  0%| F|  |TAMS 0x000000060d400000, 0x000000060d400000| Untracked 
| 107|0x000000060d600000, 0x000000060d600000, 0x000000060d800000|  0%| F|  |TAMS 0x000000060d600000, 0x000000060d600000| Untracked 
| 108|0x000000060d800000, 0x000000060d800000, 0x000000060da00000|  0%| F|  |TAMS 0x000000060d800000, 0x000000060d800000| Untracked 
| 109|0x000000060da00000, 0x000000060da00000, 0x000000060dc00000|  0%| F|  |TAMS 0x000000060da00000, 0x000000060da00000| Untracked 
| 110|0x000000060dc00000, 0x000000060dc00000, 0x000000060de00000|  0%| F|  |TAMS 0x000000060dc00000, 0x000000060dc00000| Untracked 
| 111|0x000000060de00000, 0x000000060de00000, 0x000000060e000000|  0%| F|  |TAMS 0x000000060de00000, 0x000000060de00000| Untracked 
| 112|0x000000060e000000, 0x000000060e000000, 0x000000060e200000|  0%| F|  |TAMS 0x000000060e000000, 0x000000060e000000| Untracked 
| 113|0x000000060e200000, 0x000000060e200000, 0x000000060e400000|  0%| F|  |TAMS 0x000000060e200000, 0x000000060e200000| Untracked 
| 114|0x000000060e400000, 0x000000060e400000, 0x000000060e600000|  0%| F|  |TAMS 0x000000060e400000, 0x000000060e400000| Untracked 
| 115|0x000000060e600000, 0x000000060e600000, 0x000000060e800000|  0%| F|  |TAMS 0x000000060e600000, 0x000000060e600000| Untracked 
| 116|0x000000060e800000, 0x000000060e800000, 0x000000060ea00000|  0%| F|  |TAMS 0x000000060e800000, 0x000000060e800000| Untracked 
| 117|0x000000060ea00000, 0x000000060ea00000, 0x000000060ec00000|  0%| F|  |TAMS 0x000000060ea00000, 0x000000060ea00000| Untracked 
| 118|0x000000060ec00000, 0x000000060ec00000, 0x000000060ee00000|  0%| F|  |TAMS 0x000000060ec00000, 0x000000060ec00000| Untracked 
| 119|0x000000060ee00000, 0x000000060ee00000, 0x000000060f000000|  0%| F|  |TAMS 0x000000060ee00000, 0x000000060ee00000| Untracked 
| 120|0x000000060f000000, 0x000000060f000000, 0x000000060f200000|  0%| F|  |TAMS 0x000000060f000000, 0x000000060f000000| Untracked 
| 121|0x000000060f200000, 0x000000060f200000, 0x000000060f400000|  0%| F|  |TAMS 0x000000060f200000, 0x000000060f200000| Untracked 
| 122|0x000000060f400000, 0x000000060f400000, 0x000000060f600000|  0%| F|  |TAMS 0x000000060f400000, 0x000000060f400000| Untracked 
| 123|0x000000060f600000, 0x000000060f600000, 0x000000060f800000|  0%| F|  |TAMS 0x000000060f600000, 0x000000060f600000| Untracked 
| 124|0x000000060f800000, 0x000000060f800000, 0x000000060fa00000|  0%| F|  |TAMS 0x000000060f800000, 0x000000060f800000| Untracked 
| 125|0x000000060fa00000, 0x000000060fa00000, 0x000000060fc00000|  0%| F|  |TAMS 0x000000060fa00000, 0x000000060fa00000| Untracked 
| 126|0x000000060fc00000, 0x000000060fc00000, 0x000000060fe00000|  0%| F|  |TAMS 0x000000060fc00000, 0x000000060fc00000| Untracked 
| 127|0x000000060fe00000, 0x000000060fe00000, 0x0000000610000000|  0%| F|  |TAMS 0x000000060fe00000, 0x000000060fe00000| Untracked 
| 128|0x0000000610000000, 0x0000000610000000, 0x0000000610200000|  0%| F|  |TAMS 0x0000000610000000, 0x0000000610000000| Untracked 
| 129|0x0000000610200000, 0x0000000610200000, 0x0000000610400000|  0%| F|  |TAMS 0x0000000610200000, 0x0000000610200000| Untracked 
| 130|0x0000000610400000, 0x0000000610400000, 0x0000000610600000|  0%| F|  |TAMS 0x0000000610400000, 0x0000000610400000| Untracked 
| 131|0x0000000610600000, 0x0000000610600000, 0x0000000610800000|  0%| F|  |TAMS 0x0000000610600000, 0x0000000610600000| Untracked 
| 132|0x0000000610800000, 0x0000000610800000, 0x0000000610a00000|  0%| F|  |TAMS 0x0000000610800000, 0x0000000610800000| Untracked 
| 133|0x0000000610a00000, 0x0000000610a00000, 0x0000000610c00000|  0%| F|  |TAMS 0x0000000610a00000, 0x0000000610a00000| Untracked 
| 134|0x0000000610c00000, 0x0000000610c00000, 0x0000000610e00000|  0%| F|  |TAMS 0x0000000610c00000, 0x0000000610c00000| Untracked 
| 135|0x0000000610e00000, 0x0000000610e00000, 0x0000000611000000|  0%| F|  |TAMS 0x0000000610e00000, 0x0000000610e00000| Untracked 
| 136|0x0000000611000000, 0x0000000611000000, 0x0000000611200000|  0%| F|  |TAMS 0x0000000611000000, 0x0000000611000000| Untracked 
| 137|0x0000000611200000, 0x0000000611200000, 0x0000000611400000|  0%| F|  |TAMS 0x0000000611200000, 0x0000000611200000| Untracked 
| 138|0x0000000611400000, 0x0000000611400000, 0x0000000611600000|  0%| F|  |TAMS 0x0000000611400000, 0x0000000611400000| Untracked 
| 139|0x0000000611600000, 0x0000000611600000, 0x0000000611800000|  0%| F|  |TAMS 0x0000000611600000, 0x0000000611600000| Untracked 
| 140|0x0000000611800000, 0x0000000611800000, 0x0000000611a00000|  0%| F|  |TAMS 0x0000000611800000, 0x0000000611800000| Untracked 
| 141|0x0000000611a00000, 0x0000000611a00000, 0x0000000611c00000|  0%| F|  |TAMS 0x0000000611a00000, 0x0000000611a00000| Untracked 
| 142|0x0000000611c00000, 0x0000000611c00000, 0x0000000611e00000|  0%| F|  |TAMS 0x0000000611c00000, 0x0000000611c00000| Untracked 
| 143|0x0000000611e00000, 0x0000000611e00000, 0x0000000612000000|  0%| F|  |TAMS 0x0000000611e00000, 0x0000000611e00000| Untracked 
| 144|0x0000000612000000, 0x0000000612000000, 0x0000000612200000|  0%| F|  |TAMS 0x0000000612000000, 0x0000000612000000| Untracked 
| 145|0x0000000612200000, 0x0000000612200000, 0x0000000612400000|  0%| F|  |TAMS 0x0000000612200000, 0x0000000612200000| Untracked 
| 146|0x0000000612400000, 0x0000000612400000, 0x0000000612600000|  0%| F|  |TAMS 0x0000000612400000, 0x0000000612400000| Untracked 
| 147|0x0000000612600000, 0x0000000612600000, 0x0000000612800000|  0%| F|  |TAMS 0x0000000612600000, 0x0000000612600000| Untracked 
| 148|0x0000000612800000, 0x0000000612800000, 0x0000000612a00000|  0%| F|  |TAMS 0x0000000612800000, 0x0000000612800000| Untracked 
| 149|0x0000000612a00000, 0x0000000612a00000, 0x0000000612c00000|  0%| F|  |TAMS 0x0000000612a00000, 0x0000000612a00000| Untracked 
| 150|0x0000000612c00000, 0x0000000612c00000, 0x0000000612e00000|  0%| F|  |TAMS 0x0000000612c00000, 0x0000000612c00000| Untracked 
| 151|0x0000000612e00000, 0x0000000612e00000, 0x0000000613000000|  0%| F|  |TAMS 0x0000000612e00000, 0x0000000612e00000| Untracked 
| 152|0x0000000613000000, 0x0000000613000000, 0x0000000613200000|  0%| F|  |TAMS 0x0000000613000000, 0x0000000613000000| Untracked 
| 153|0x0000000613200000, 0x0000000613200000, 0x0000000613400000|  0%| F|  |TAMS 0x0000000613200000, 0x0000000613200000| Untracked 
| 154|0x0000000613400000, 0x0000000613400000, 0x0000000613600000|  0%| F|  |TAMS 0x0000000613400000, 0x0000000613400000| Untracked 
| 155|0x0000000613600000, 0x0000000613600000, 0x0000000613800000|  0%| F|  |TAMS 0x0000000613600000, 0x0000000613600000| Untracked 
| 156|0x0000000613800000, 0x0000000613800000, 0x0000000613a00000|  0%| F|  |TAMS 0x0000000613800000, 0x0000000613800000| Untracked 
| 157|0x0000000613a00000, 0x0000000613a00000, 0x0000000613c00000|  0%| F|  |TAMS 0x0000000613a00000, 0x0000000613a00000| Untracked 
| 158|0x0000000613c00000, 0x0000000613c00000, 0x0000000613e00000|  0%| F|  |TAMS 0x0000000613c00000, 0x0000000613c00000| Untracked 
| 159|0x0000000613e00000, 0x0000000613e00000, 0x0000000614000000|  0%| F|  |TAMS 0x0000000613e00000, 0x0000000613e00000| Untracked 
| 160|0x0000000614000000, 0x0000000614000000, 0x0000000614200000|  0%| F|  |TAMS 0x0000000614000000, 0x0000000614000000| Untracked 
| 161|0x0000000614200000, 0x0000000614200000, 0x0000000614400000|  0%| F|  |TAMS 0x0000000614200000, 0x0000000614200000| Untracked 
| 162|0x0000000614400000, 0x0000000614400000, 0x0000000614600000|  0%| F|  |TAMS 0x0000000614400000, 0x0000000614400000| Untracked 
| 163|0x0000000614600000, 0x0000000614600000, 0x0000000614800000|  0%| F|  |TAMS 0x0000000614600000, 0x0000000614600000| Untracked 
| 164|0x0000000614800000, 0x0000000614800000, 0x0000000614a00000|  0%| F|  |TAMS 0x0000000614800000, 0x0000000614800000| Untracked 
| 165|0x0000000614a00000, 0x0000000614a00000, 0x0000000614c00000|  0%| F|  |TAMS 0x0000000614a00000, 0x0000000614a00000| Untracked 
| 166|0x0000000614c00000, 0x0000000614c00000, 0x0000000614e00000|  0%| F|  |TAMS 0x0000000614c00000, 0x0000000614c00000| Untracked 
| 167|0x0000000614e00000, 0x0000000614e00000, 0x0000000615000000|  0%| F|  |TAMS 0x0000000614e00000, 0x0000000614e00000| Untracked 
| 168|0x0000000615000000, 0x0000000615000000, 0x0000000615200000|  0%| F|  |TAMS 0x0000000615000000, 0x0000000615000000| Untracked 
| 169|0x0000000615200000, 0x0000000615200000, 0x0000000615400000|  0%| F|  |TAMS 0x0000000615200000, 0x0000000615200000| Untracked 
| 170|0x0000000615400000, 0x0000000615400000, 0x0000000615600000|  0%| F|  |TAMS 0x0000000615400000, 0x0000000615400000| Untracked 
| 171|0x0000000615600000, 0x0000000615600000, 0x0000000615800000|  0%| F|  |TAMS 0x0000000615600000, 0x0000000615600000| Untracked 
| 172|0x0000000615800000, 0x0000000615800000, 0x0000000615a00000|  0%| F|  |TAMS 0x0000000615800000, 0x0000000615800000| Untracked 
| 173|0x0000000615a00000, 0x0000000615a00000, 0x0000000615c00000|  0%| F|  |TAMS 0x0000000615a00000, 0x0000000615a00000| Untracked 
| 174|0x0000000615c00000, 0x0000000615c00000, 0x0000000615e00000|  0%| F|  |TAMS 0x0000000615c00000, 0x0000000615c00000| Untracked 
| 175|0x0000000615e00000, 0x0000000615e00000, 0x0000000616000000|  0%| F|  |TAMS 0x0000000615e00000, 0x0000000615e00000| Untracked 
| 176|0x0000000616000000, 0x0000000616000000, 0x0000000616200000|  0%| F|  |TAMS 0x0000000616000000, 0x0000000616000000| Untracked 
| 177|0x0000000616200000, 0x0000000616200000, 0x0000000616400000|  0%| F|  |TAMS 0x0000000616200000, 0x0000000616200000| Untracked 
| 178|0x0000000616400000, 0x0000000616400000, 0x0000000616600000|  0%| F|  |TAMS 0x0000000616400000, 0x0000000616400000| Untracked 
| 179|0x0000000616600000, 0x0000000616600000, 0x0000000616800000|  0%| F|  |TAMS 0x0000000616600000, 0x0000000616600000| Untracked 
| 180|0x0000000616800000, 0x0000000616800000, 0x0000000616a00000|  0%| F|  |TAMS 0x0000000616800000, 0x0000000616800000| Untracked 
| 181|0x0000000616a00000, 0x0000000616a00000, 0x0000000616c00000|  0%| F|  |TAMS 0x0000000616a00000, 0x0000000616a00000| Untracked 
| 182|0x0000000616c00000, 0x0000000616c00000, 0x0000000616e00000|  0%| F|  |TAMS 0x0000000616c00000, 0x0000000616c00000| Untracked 
| 183|0x0000000616e00000, 0x0000000616e00000, 0x0000000617000000|  0%| F|  |TAMS 0x0000000616e00000, 0x0000000616e00000| Untracked 
| 184|0x0000000617000000, 0x0000000617000000, 0x0000000617200000|  0%| F|  |TAMS 0x0000000617000000, 0x0000000617000000| Untracked 
| 185|0x0000000617200000, 0x0000000617200000, 0x0000000617400000|  0%| F|  |TAMS 0x0000000617200000, 0x0000000617200000| Untracked 
| 186|0x0000000617400000, 0x0000000617400000, 0x0000000617600000|  0%| F|  |TAMS 0x0000000617400000, 0x0000000617400000| Untracked 
| 187|0x0000000617600000, 0x0000000617600000, 0x0000000617800000|  0%| F|  |TAMS 0x0000000617600000, 0x0000000617600000| Untracked 
| 188|0x0000000617800000, 0x0000000617800000, 0x0000000617a00000|  0%| F|  |TAMS 0x0000000617800000, 0x0000000617800000| Untracked 
| 189|0x0000000617a00000, 0x0000000617a00000, 0x0000000617c00000|  0%| F|  |TAMS 0x0000000617a00000, 0x0000000617a00000| Untracked 
| 190|0x0000000617c00000, 0x0000000617c00000, 0x0000000617e00000|  0%| F|  |TAMS 0x0000000617c00000, 0x0000000617c00000| Untracked 
| 191|0x0000000617e00000, 0x0000000617e00000, 0x0000000618000000|  0%| F|  |TAMS 0x0000000617e00000, 0x0000000617e00000| Untracked 
| 192|0x0000000618000000, 0x0000000618000000, 0x0000000618200000|  0%| F|  |TAMS 0x0000000618000000, 0x0000000618000000| Untracked 
| 193|0x0000000618200000, 0x0000000618200000, 0x0000000618400000|  0%| F|  |TAMS 0x0000000618200000, 0x0000000618200000| Untracked 
| 194|0x0000000618400000, 0x0000000618400000, 0x0000000618600000|  0%| F|  |TAMS 0x0000000618400000, 0x0000000618400000| Untracked 
| 195|0x0000000618600000, 0x0000000618600000, 0x0000000618800000|  0%| F|  |TAMS 0x0000000618600000, 0x0000000618600000| Untracked 
| 196|0x0000000618800000, 0x0000000618800000, 0x0000000618a00000|  0%| F|  |TAMS 0x0000000618800000, 0x0000000618800000| Untracked 
| 197|0x0000000618a00000, 0x0000000618a00000, 0x0000000618c00000|  0%| F|  |TAMS 0x0000000618a00000, 0x0000000618a00000| Untracked 
| 198|0x0000000618c00000, 0x0000000618c00000, 0x0000000618e00000|  0%| F|  |TAMS 0x0000000618c00000, 0x0000000618c00000| Untracked 
| 199|0x0000000618e00000, 0x0000000618e00000, 0x0000000619000000|  0%| F|  |TAMS 0x0000000618e00000, 0x0000000618e00000| Untracked 
| 200|0x0000000619000000, 0x0000000619000000, 0x0000000619200000|  0%| F|  |TAMS 0x0000000619000000, 0x0000000619000000| Untracked 
| 201|0x0000000619200000, 0x0000000619200000, 0x0000000619400000|  0%| F|  |TAMS 0x0000000619200000, 0x0000000619200000| Untracked 
| 202|0x0000000619400000, 0x0000000619400000, 0x0000000619600000|  0%| F|  |TAMS 0x0000000619400000, 0x0000000619400000| Untracked 
| 203|0x0000000619600000, 0x0000000619600000, 0x0000000619800000|  0%| F|  |TAMS 0x0000000619600000, 0x0000000619600000| Untracked 
| 204|0x0000000619800000, 0x0000000619800000, 0x0000000619a00000|  0%| F|  |TAMS 0x0000000619800000, 0x0000000619800000| Untracked 
| 205|0x0000000619a00000, 0x0000000619b50600, 0x0000000619c00000| 65%| S|CS|TAMS 0x0000000619a00000, 0x0000000619a00000| Complete 
| 206|0x0000000619c00000, 0x0000000619e00000, 0x0000000619e00000|100%| S|CS|TAMS 0x0000000619c00000, 0x0000000619c00000| Complete 
| 207|0x0000000619e00000, 0x000000061a000000, 0x000000061a000000|100%| S|CS|TAMS 0x0000000619e00000, 0x0000000619e00000| Complete 
| 208|0x000000061a000000, 0x000000061a000000, 0x000000061a200000|  0%| F|  |TAMS 0x000000061a000000, 0x000000061a000000| Untracked 
| 209|0x000000061a200000, 0x000000061a200000, 0x000000061a400000|  0%| F|  |TAMS 0x000000061a200000, 0x000000061a200000| Untracked 
| 210|0x000000061a400000, 0x000000061a400000, 0x000000061a600000|  0%| F|  |TAMS 0x000000061a400000, 0x000000061a400000| Untracked 
| 211|0x000000061a600000, 0x000000061a600000, 0x000000061a800000|  0%| F|  |TAMS 0x000000061a600000, 0x000000061a600000| Untracked 
| 212|0x000000061a800000, 0x000000061a800000, 0x000000061aa00000|  0%| F|  |TAMS 0x000000061a800000, 0x000000061a800000| Untracked 
| 213|0x000000061aa00000, 0x000000061aa00000, 0x000000061ac00000|  0%| F|  |TAMS 0x000000061aa00000, 0x000000061aa00000| Untracked 
| 214|0x000000061ac00000, 0x000000061ac00000, 0x000000061ae00000|  0%| F|  |TAMS 0x000000061ac00000, 0x000000061ac00000| Untracked 
| 215|0x000000061ae00000, 0x000000061ae00000, 0x000000061b000000|  0%| F|  |TAMS 0x000000061ae00000, 0x000000061ae00000| Untracked 
| 216|0x000000061b000000, 0x000000061b000000, 0x000000061b200000|  0%| F|  |TAMS 0x000000061b000000, 0x000000061b000000| Untracked 
| 217|0x000000061b200000, 0x000000061b200000, 0x000000061b400000|  0%| F|  |TAMS 0x000000061b200000, 0x000000061b200000| Untracked 
| 218|0x000000061b400000, 0x000000061b400000, 0x000000061b600000|  0%| F|  |TAMS 0x000000061b400000, 0x000000061b400000| Untracked 
| 219|0x000000061b600000, 0x000000061b600000, 0x000000061b800000|  0%| F|  |TAMS 0x000000061b600000, 0x000000061b600000| Untracked 
| 220|0x000000061b800000, 0x000000061b800000, 0x000000061ba00000|  0%| F|  |TAMS 0x000000061b800000, 0x000000061b800000| Untracked 
| 221|0x000000061ba00000, 0x000000061ba00000, 0x000000061bc00000|  0%| F|  |TAMS 0x000000061ba00000, 0x000000061ba00000| Untracked 
| 222|0x000000061bc00000, 0x000000061bc00000, 0x000000061be00000|  0%| F|  |TAMS 0x000000061bc00000, 0x000000061bc00000| Untracked 
| 223|0x000000061be00000, 0x000000061be00000, 0x000000061c000000|  0%| F|  |TAMS 0x000000061be00000, 0x000000061be00000| Untracked 
| 224|0x000000061c000000, 0x000000061c000000, 0x000000061c200000|  0%| F|  |TAMS 0x000000061c000000, 0x000000061c000000| Untracked 
| 225|0x000000061c200000, 0x000000061c200000, 0x000000061c400000|  0%| F|  |TAMS 0x000000061c200000, 0x000000061c200000| Untracked 
| 226|0x000000061c400000, 0x000000061c400000, 0x000000061c600000|  0%| F|  |TAMS 0x000000061c400000, 0x000000061c400000| Untracked 
| 227|0x000000061c600000, 0x000000061c600000, 0x000000061c800000|  0%| F|  |TAMS 0x000000061c600000, 0x000000061c600000| Untracked 
| 228|0x000000061c800000, 0x000000061c800000, 0x000000061ca00000|  0%| F|  |TAMS 0x000000061c800000, 0x000000061c800000| Untracked 
| 229|0x000000061ca00000, 0x000000061ca00000, 0x000000061cc00000|  0%| F|  |TAMS 0x000000061ca00000, 0x000000061ca00000| Untracked 
| 230|0x000000061cc00000, 0x000000061cc00000, 0x000000061ce00000|  0%| F|  |TAMS 0x000000061cc00000, 0x000000061cc00000| Untracked 
| 231|0x000000061ce00000, 0x000000061ce00000, 0x000000061d000000|  0%| F|  |TAMS 0x000000061ce00000, 0x000000061ce00000| Untracked 
| 232|0x000000061d000000, 0x000000061d000000, 0x000000061d200000|  0%| F|  |TAMS 0x000000061d000000, 0x000000061d000000| Untracked 
| 233|0x000000061d200000, 0x000000061d200000, 0x000000061d400000|  0%| F|  |TAMS 0x000000061d200000, 0x000000061d200000| Untracked 
| 234|0x000000061d400000, 0x000000061d400000, 0x000000061d600000|  0%| F|  |TAMS 0x000000061d400000, 0x000000061d400000| Untracked 
| 235|0x000000061d600000, 0x000000061d600000, 0x000000061d800000|  0%| F|  |TAMS 0x000000061d600000, 0x000000061d600000| Untracked 
| 236|0x000000061d800000, 0x000000061d800000, 0x000000061da00000|  0%| F|  |TAMS 0x000000061d800000, 0x000000061d800000| Untracked 
| 237|0x000000061da00000, 0x000000061da00000, 0x000000061dc00000|  0%| F|  |TAMS 0x000000061da00000, 0x000000061da00000| Untracked 
| 238|0x000000061dc00000, 0x000000061dc00000, 0x000000061de00000|  0%| F|  |TAMS 0x000000061dc00000, 0x000000061dc00000| Untracked 
| 239|0x000000061de00000, 0x000000061de00000, 0x000000061e000000|  0%| F|  |TAMS 0x000000061de00000, 0x000000061de00000| Untracked 
| 240|0x000000061e000000, 0x000000061e000000, 0x000000061e200000|  0%| F|  |TAMS 0x000000061e000000, 0x000000061e000000| Untracked 
| 241|0x000000061e200000, 0x000000061e200000, 0x000000061e400000|  0%| F|  |TAMS 0x000000061e200000, 0x000000061e200000| Untracked 
| 242|0x000000061e400000, 0x000000061e400000, 0x000000061e600000|  0%| F|  |TAMS 0x000000061e400000, 0x000000061e400000| Untracked 
| 243|0x000000061e600000, 0x000000061e600000, 0x000000061e800000|  0%| F|  |TAMS 0x000000061e600000, 0x000000061e600000| Untracked 
| 244|0x000000061e800000, 0x000000061e800000, 0x000000061ea00000|  0%| F|  |TAMS 0x000000061e800000, 0x000000061e800000| Untracked 
| 245|0x000000061ea00000, 0x000000061ea00000, 0x000000061ec00000|  0%| F|  |TAMS 0x000000061ea00000, 0x000000061ea00000| Untracked 
| 246|0x000000061ec00000, 0x000000061ed00800, 0x000000061ee00000| 50%| E|  |TAMS 0x000000061ec00000, 0x000000061ec00000| Complete 
| 247|0x000000061ee00000, 0x000000061f000000, 0x000000061f000000|100%| E|CS|TAMS 0x000000061ee00000, 0x000000061ee00000| Complete 
| 248|0x000000061f000000, 0x000000061f200000, 0x000000061f200000|100%| E|CS|TAMS 0x000000061f000000, 0x000000061f000000| Complete 
| 249|0x000000061f200000, 0x000000061f400000, 0x000000061f400000|100%| E|CS|TAMS 0x000000061f200000, 0x000000061f200000| Complete 
| 250|0x000000061f400000, 0x000000061f600000, 0x000000061f600000|100%| E|CS|TAMS 0x000000061f400000, 0x000000061f400000| Complete 
| 251|0x000000061f600000, 0x000000061f800000, 0x000000061f800000|100%| E|CS|TAMS 0x000000061f600000, 0x000000061f600000| Complete 
| 252|0x000000061f800000, 0x000000061fa00000, 0x000000061fa00000|100%| E|CS|TAMS 0x000000061f800000, 0x000000061f800000| Complete 
| 253|0x000000061fa00000, 0x000000061fc00000, 0x000000061fc00000|100%| E|CS|TAMS 0x000000061fa00000, 0x000000061fa00000| Complete 
| 254|0x000000061fc00000, 0x000000061fe00000, 0x000000061fe00000|100%| E|CS|TAMS 0x000000061fc00000, 0x000000061fc00000| Complete 
| 255|0x000000061fe00000, 0x0000000620000000, 0x0000000620000000|100%| E|CS|TAMS 0x000000061fe00000, 0x000000061fe00000| Complete 

Card table byte_map: [0x000000010fab2000,0x0000000110ab2000] _byte_map_base: 0x000000010cab2000

Marking Bits (Prev, Next): (CMBitMap*) 0x00007f7d3d01d650, (CMBitMap*) 0x00007f7d3d01d618
 Prev Bits: [0x0000000128d40000, 0x0000000130d40000)
 Next Bits: [0x0000000120d40000, 0x0000000128d40000)

Polling page: 0x0000000104979000

Metaspace:

Usage:
  Non-class:     19.57 MB capacity,    19.19 MB ( 98%) used,   323.88 KB (  2%) free+waste,    63.44 KB ( <1%) overhead. 
      Class:      2.91 MB capacity,     2.69 MB ( 92%) used,   200.41 KB (  7%) free+waste,    30.25 KB (  1%) overhead. 
       Both:     22.48 MB capacity,    21.88 MB ( 97%) used,   524.29 KB (  2%) free+waste,    93.69 KB ( <1%) overhead. 

Virtual space:
  Non-class space:       20.00 MB reserved,      19.75 MB ( 99%) committed 
      Class space:        1.00 GB reserved,       3.00 MB ( <1%) committed 
             Both:        1.02 GB reserved,      22.75 MB (  2%) committed 

Chunk freelists:
   Non-Class:  41.00 KB
       Class:  24.00 KB
        Both:  65.00 KB

MaxMetaspaceSize: unlimited
CompressedClassSpaceSize: 1.00 GB

CodeHeap 'non-profiled nmethods': size=119172Kb used=1174Kb max_used=1174Kb free=117997Kb
 bounds [0x00000001198df000, 0x0000000119b4f000, 0x0000000120d40000]
CodeHeap 'profiled nmethods': size=119168Kb used=4826Kb max_used=4826Kb free=114341Kb
 bounds [0x000000011247f000, 0x000000011293f000, 0x00000001198df000]
CodeHeap 'non-nmethods': size=7420Kb used=1171Kb max_used=2941Kb free=6249Kb
 bounds [0x0000000111d40000, 0x0000000112030000, 0x000000011247f000]
 total_blobs=3124 nmethods=2171 adapters=334
 compilation: enabled
              stopped_count=0, restarted_count=0
 full_count=0

Compilation events (20 events):
Event: 26.372 Thread 0x00007f7d3e00d800 nmethod 2165 0x0000000119a04790 code [0x0000000119a04920, 0x0000000119a04978]
Event: 26.372 Thread 0x00007f7d3d1e9800 nmethod 2163 0x000000011292d110 code [0x000000011292d340, 0x000000011292dac8]
Event: 26.372 Thread 0x00007f7d3d1e9800 2168       3       sun.nio.cs.UTF_8$Encoder::encodeArrayLoop (489 bytes)
Event: 26.375 Thread 0x00007f7d3d1e9800 nmethod 2168 0x000000011292de90 code [0x000000011292e500, 0x0000000112931d28]
Event: 26.375 Thread 0x00007f7d3d1e9800 2166       3       java.nio.CharBuffer::position (8 bytes)
Event: 26.375 Thread 0x00007f7d3d1e9800 nmethod 2166 0x0000000112933210 code [0x00000001129333c0, 0x0000000112933568]
Event: 26.375 Thread 0x00007f7d3d1e9800 2167       3       java.nio.CharBuffer::position (6 bytes)
Event: 26.375 Thread 0x00007f7d3d1e9800 nmethod 2167 0x0000000112933610 code [0x00000001129337e0, 0x00000001129339e8]
Event: 26.375 Thread 0x00007f7d3d1e9800 2169       3       java.nio.ByteBuffer::array (35 bytes)
Event: 26.375 Thread 0x00007f7d3d1e9800 nmethod 2169 0x0000000112933a90 code [0x0000000112933c80, 0x0000000112933fd8]
Event: 26.375 Thread 0x00007f7d3d1e9800 2161       3       java.nio.ByteBuffer::position (6 bytes)
Event: 26.375 Thread 0x00007f7d3d1e9800 nmethod 2161 0x0000000112934110 code [0x00000001129342c0, 0x00000001129344e8]
Event: 26.375 Thread 0x00007f7d3d1e9800 2162       3       java.io.BufferedWriter::min (9 bytes)
Event: 26.375 Thread 0x00007f7d3d1e9800 nmethod 2162 0x0000000112934590 code [0x0000000112934740, 0x00000001129348f0]
Event: 26.375 Thread 0x00007f7d3d1e9800 2164       3       java.io.Writer::write (11 bytes)
Event: 26.375 Thread 0x00007f7d3d1e9800 nmethod 2164 0x0000000112934990 code [0x0000000112934b60, 0x0000000112934ea8]
Event: 85.373 Thread 0x00007f7d3d1e9800 2170       3       java.lang.String::contains (19 bytes)
Event: 85.373 Thread 0x00007f7d3d1e9800 nmethod 2170 0x0000000112935010 code [0x00000001129351e0, 0x00000001129354b8]
Event: 85.373 Thread 0x00007f7d3d1e9800 2171       3       java.util.Collections::emptyIterator (4 bytes)
Event: 85.373 Thread 0x00007f7d3d1e9800 nmethod 2171 0x0000000112935590 code [0x0000000112935740, 0x0000000112935890]

GC Heap History (4 events):
Event: 0.529 GC heap before
{Heap before GC invocations=0 (full 0):
 garbage-first heap   total 524288K, used 24576K [0x0000000600000000, 0x0000000800000000)
  region size 2048K, 12 young (24576K), 0 survivors (0K)
 Metaspace       used 11712K, capacity 11979K, committed 12288K, reserved 1060864K
  class space    used 1104K, capacity 1187K, committed 1280K, reserved 1048576K
}
Event: 0.533 GC heap after
{Heap after GC invocations=1 (full 0):
 garbage-first heap   total 524288K, used 3580K [0x0000000600000000, 0x0000000800000000)
  region size 2048K, 2 young (4096K), 2 survivors (4096K)
 Metaspace       used 11712K, capacity 11979K, committed 12288K, reserved 1060864K
  class space    used 1104K, capacity 1187K, committed 1280K, reserved 1048576K
}
Event: 1.224 GC heap before
{Heap before GC invocations=1 (full 0):
 garbage-first heap   total 524288K, used 95740K [0x0000000600000000, 0x0000000800000000)
  region size 2048K, 48 young (98304K), 2 survivors (4096K)
 Metaspace       used 20601K, capacity 21091K, committed 21248K, reserved 1067008K
  class space    used 2512K, capacity 2705K, committed 2816K, reserved 1048576K
}
Event: 1.229 GC heap after
{Heap after GC invocations=2 (full 0):
 garbage-first heap   total 524288K, used 5441K [0x0000000600000000, 0x0000000800000000)
  region size 2048K, 3 young (6144K), 3 survivors (6144K)
 Metaspace       used 20601K, capacity 21091K, committed 21248K, reserved 1067008K
  class space    used 2512K, capacity 2705K, committed 2816K, reserved 1048576K
}

Deoptimization events (20 events):
Event: 1.282 Thread 0x00007f7d3d011800 Uncommon trap: trap_request=0xffffff4d fr.pc=0x0000000119994ea0 relative=0x0000000000001360
Event: 1.282 Thread 0x00007f7d3d011800 Uncommon trap: reason=unstable_if action=reinterpret pc=0x0000000119994ea0 method=java.util.concurrent.ConcurrentHashMap.putVal(Ljava/lang/Object;Ljava/lang/Object;Z)Ljava/lang/Object; @ 256 c2
Event: 1.282 Thread 0x00007f7d3d011800 DEOPT PACKING pc=0x0000000119994ea0 sp=0x000070000f788cb0
Event: 1.282 Thread 0x00007f7d3d011800 DEOPT UNPACKING pc=0x0000000111d791a5 sp=0x000070000f788c48 mode 2
Event: 1.303 Thread 0x00007f7d3d011800 Uncommon trap: trap_request=0xffffff4d fr.pc=0x0000000119991fc0 relative=0x0000000000000400
Event: 1.303 Thread 0x00007f7d3d011800 Uncommon trap: reason=unstable_if action=reinterpret pc=0x0000000119991fc0 method=java.lang.StringLatin1.canEncode(I)Z @ 4 c2
Event: 1.303 Thread 0x00007f7d3d011800 DEOPT PACKING pc=0x0000000119991fc0 sp=0x000070000f788ef0
Event: 1.303 Thread 0x00007f7d3d011800 DEOPT UNPACKING pc=0x0000000111d791a5 sp=0x000070000f788e28 mode 2
Event: 1.303 Thread 0x00007f7d3d011800 Uncommon trap: trap_request=0xffffff4d fr.pc=0x0000000119948d64 relative=0x00000000000003a4
Event: 1.303 Thread 0x00007f7d3d011800 Uncommon trap: reason=unstable_if action=reinterpret pc=0x0000000119948d64 method=java.lang.AbstractStringBuilder.isLatin1()Z @ 10 c2
Event: 1.303 Thread 0x00007f7d3d011800 DEOPT PACKING pc=0x0000000119948d64 sp=0x000070000f788f00
Event: 1.303 Thread 0x00007f7d3d011800 DEOPT UNPACKING pc=0x0000000111d791a5 sp=0x000070000f788e90 mode 2
Event: 1.304 Thread 0x00007f7d3d011800 Uncommon trap: trap_request=0xffffff4d fr.pc=0x00000001198e08f4 relative=0x00000000000000d4
Event: 1.304 Thread 0x00007f7d3d011800 Uncommon trap: reason=unstable_if action=reinterpret pc=0x00000001198e08f4 method=java.lang.String.isLatin1()Z @ 10 c2
Event: 1.304 Thread 0x00007f7d3d011800 DEOPT PACKING pc=0x00000001198e08f4 sp=0x000070000f788c10
Event: 1.304 Thread 0x00007f7d3d011800 DEOPT UNPACKING pc=0x0000000111d791a5 sp=0x000070000f788b80 mode 2
Event: 1.321 Thread 0x00007f7d3d011800 DEOPT PACKING pc=0x000000011264b5bc sp=0x000070000f789ee0
Event: 1.321 Thread 0x00007f7d3d011800 DEOPT UNPACKING pc=0x0000000111d78fba sp=0x000070000f789398 mode 1
Event: 1.321 Thread 0x00007f7d3d011800 DEOPT PACKING pc=0x00000001126499dc sp=0x000070000f789fb0
Event: 1.321 Thread 0x00007f7d3d011800 DEOPT UNPACKING pc=0x0000000111d78fba sp=0x000070000f789488 mode 1

Classes redefined (3 events):
Event: 185.837 Thread 0x00007f7d3d1e6000 redefined class name=io.dangernoodle.grt.credentials.JsonCredentialsTest, count=1
Event: 225.655 Thread 0x00007f7d3d1e6000 redefined class name=io.dangernoodle.grt.credentials.JsonCredentialsTest, count=2
Event: 292.589 Thread 0x00007f7d3d1e6000 redefined class name=io.dangernoodle.grt.credentials.JsonCredentialsTest, count=3

Internal exceptions (20 events):
Event: 0.592 Thread 0x00007f7d3d011800 Exception <a 'java/lang/NoSuchMethodError'{0x000000061f974160}: 'java.lang.Object java.lang.invoke.DirectMethodHandle$Holder.invokeVirtual(java.lang.Object, java.lang.Object, java.lang.Object)'> (0x000000061f974160) thrown at [./src/hotspot/share/interpreter/linkResolver.cpp, line 773]
Event: 0.598 Thread 0x00007f7d3d011800 Exception <a 'java/lang/NoSuchMethodError'{0x000000061f60b4d8}: 'void java.lang.invoke.DirectMethodHandle$Holder.invokeInterface(java.lang.Object, java.lang.Object, java.lang.Object, java.lang.Object)'> (0x000000061f60b4d8) thrown at [./src/hotspot/share/interpreter/linkResolver.cpp, line 773]
Event: 0.598 Thread 0x00007f7d3d011800 Exception <a 'java/lang/IncompatibleClassChangeError'{0x000000061f60e298}: Found class java.lang.Object, but interface was expected> (0x000000061f60e298) thrown at [./src/hotspot/share/interpreter/linkResolver.cpp, line 839]
Event: 0.599 Thread 0x00007f7d3d011800 Exception <a 'java/lang/NoSuchMethodError'{0x000000061f636d88}: 'void java.lang.invoke.DirectMethodHandle$Holder.invokeStatic(java.lang.Object, java.lang.Object, java.lang.Object, java.lang.Object)'> (0x000000061f636d88) thrown at [./src/hotspot/share/interpreter/linkResolver.cpp, line 773]
Event: 0.615 Thread 0x00007f7d3d011800 Exception <a 'java/lang/NoSuchMethodError'{0x000000061f437720}: 'void java.lang.invoke.DirectMethodHandle$Holder.invokeSpecial(java.lang.Object, java.lang.Object)'> (0x000000061f437720) thrown at [./src/hotspot/share/interpreter/linkResolver.cpp, line 773]
Event: 0.630 Thread 0x00007f7d3d011800 Exception <a 'java/lang/NoSuchMethodError'{0x000000061f253548}: 'int java.lang.invoke.DirectMethodHandle$Holder.invokeStaticInit(java.lang.Object, java.lang.Object, java.lang.Object)'> (0x000000061f253548) thrown at [./src/hotspot/share/interpreter/linkResolver.cpp, line 773]
Event: 0.656 Thread 0x00007f7d3d011800 Exception <a 'java/lang/NoSuchMethodError'{0x000000061f0ad4b8}: 'int java.lang.invoke.DirectMethodHandle$Holder.invokeStaticInit(java.lang.Object, java.lang.Object)'> (0x000000061f0ad4b8) thrown at [./src/hotspot/share/interpreter/linkResolver.cpp, line 773]
Event: 0.662 Thread 0x00007f7d3d011800 Exception <a 'java/lang/NoSuchMethodError'{0x000000061f126780}: 'java.lang.Object java.lang.invoke.Invokers$Holder.linkToTargetMethod(java.lang.Object, java.lang.Object, java.lang.Object, java.lang.Object, java.lang.Object, java.lang.Object)'> (0x000000061f126780) thrown at [./src/hotspot/share/interpreter/linkResolver.cpp, line 773]
Event: 0.663 Thread 0x00007f7d3d011800 Exception <a 'java/lang/NoSuchMethodError'{0x000000061f12ed88}: 'java.lang.Object java.lang.invoke.DirectMethodHandle$Holder.invokeInterface(java.lang.Object, java.lang.Object, java.lang.Object, java.lang.Object, java.lang.Object)'> (0x000000061f12ed88) thrown at [./src/hotspot/share/interpreter/linkResolver.cpp, line 773]
Event: 0.663 Thread 0x00007f7d3d011800 Exception <a 'java/lang/IncompatibleClassChangeError'{0x000000061f1324e0}: Found class java.lang.Object, but interface was expected> (0x000000061f1324e0) thrown at [./src/hotspot/share/interpreter/linkResolver.cpp, line 839]
Event: 0.670 Thread 0x00007f7d3d011800 Exception <a 'java/lang/IncompatibleClassChangeError'{0x000000061f1c6858}: Found class java.lang.Object, but interface was expected> (0x000000061f1c6858) thrown at [./src/hotspot/share/interpreter/linkResolver.cpp, line 839]
Event: 0.930 Thread 0x00007f7d3d011800 Exception <a 'java/lang/ClassNotFoundException'{0x000000061c550538}: java/lang/ClassLoader$ByteBuddyAccessor$D13IxUg5> (0x000000061c550538) thrown at [./src/hotspot/share/classfile/systemDictionary.cpp, line 231]
Event: 1.159 Thread 0x00007f7d3d011800 Exception <a 'java/lang/ClassNotFoundException'{0x000000061a74f3a8}: javax/smartcardio/CardPermission> (0x000000061a74f3a8) thrown at [./src/hotspot/share/classfile/systemDictionary.cpp, line 231]
Event: 1.160 Thread 0x00007f7d3d011800 Exception <a 'java/io/FileNotFoundException'{0x000000061a75f460}> (0x000000061a75f460) thrown at [./src/hotspot/share/prims/jni.cpp, line 615]
Event: 1.188 Thread 0x00007f7d3d011800 Exception <a 'java/lang/NoSuchMethodError'{0x000000061a321910}: 'java.lang.Object java.lang.invoke.DirectMethodHandle$Holder.invokeStatic(java.lang.Object, java.lang.Object, java.lang.Object, java.lang.Object, java.lang.Object, java.lang.Object, java.lang.Object, java.lang.Object, java.lang.Object, java.lang.Object, java.lang.Object, java.lang.Object, java.lang.Object, java.lang.Object, java.lang.Object)'> (0x000000061a321910) thrown at [./src/hotspot/share/interpreter/linkResolver.cpp, line 773]
Event: 1.189 Thread 0x00007f7d3d011800 Exception <a 'java/lang/NoSuchMethodError'{0x000000061a3312a8}: 'java.lang.Object java.lang.invoke.DirectMethodHandle$Holder.invokeStatic(java.lang.Object, java.lang.Object, java.lang.Object, java.lang.Object, java.lang.Object, java.lang.Object, java.lang.Object, java.lang.Object, java.lang.Object, java.lang.Object, java.lang.Object, java.lang.Object, java.lang.Object, java.lang.Object, java.lang.Object, java.lang.Object)'> (0x000000061a3312a8) thrown at [./src/hotspot/share/interpreter/linkResolver.cpp, l
Event: 1.190 Thread 0x00007f7d3d011800 Exception <a 'java/lang/NoSuchMethodError'{0x000000061a33f710}: 'java.lang.Object java.lang.invoke.DirectMethodHandle$Holder.invokeSpecial(java.lang.Object, java.lang.Object, int, int, java.lang.Object, java.lang.Object, java.lang.Object)'> (0x000000061a33f710) thrown at [./src/hotspot/share/interpreter/linkResolver.cpp, line 773]
Event: 1.190 Thread 0x00007f7d3d011800 Exception <a 'java/lang/NoSuchMethodError'{0x000000061a343498}: 'java.lang.Object java.lang.invoke.DelegatingMethodHandle$Holder.reinvoke_L(java.lang.Object, int, int, java.lang.Object, java.lang.Object, java.lang.Object)'> (0x000000061a343498) thrown at [./src/hotspot/share/interpreter/linkResolver.cpp, line 773]
Event: 1.190 Thread 0x00007f7d3d011800 Exception <a 'java/lang/NoSuchMethodError'{0x000000061a348768}: 'java.lang.Object java.lang.invoke.DirectMethodHandle$Holder.invokeStatic(java.lang.Object, java.lang.Object, java.lang.Object, java.lang.Object, int)'> (0x000000061a348768) thrown at [./src/hotspot/share/interpreter/linkResolver.cpp, line 773]
Event: 1.317 Thread 0x00007f7d3d011800 Exception <a 'java/lang/NoSuchMethodError'{0x000000061f3b56a0}: 'java.lang.Object java.lang.invoke.DirectMethodHandle$Holder.invokeInterface(java.lang.Object, java.lang.Object, java.lang.Object)'> (0x000000061f3b56a0) thrown at [./src/hotspot/share/interpreter/linkResolver.cpp, line 773]

Events (20 events):
Event: 226.191 Executing VM operation: GetFrameLocation done
Event: 226.191 Executing VM operation: GetOrSetLocal
Event: 226.191 Executing VM operation: GetOrSetLocal done
Event: 292.579 Executing VM operation: RedefineClasses
Event: 292.591 Executing VM operation: RedefineClasses done
Event: 292.597 Executing VM operation: ChangeBreakpoints
Event: 292.598 Executing VM operation: ChangeBreakpoints done
Event: 292.598 Executing VM operation: GetFrameCount
Event: 292.599 Executing VM operation: GetFrameCount done
Event: 292.599 Executing VM operation: GetStackTrace
Event: 292.599 Executing VM operation: GetStackTrace done
Event: 293.059 Executing VM operation: GetFrameCount
Event: 293.060 Executing VM operation: GetFrameCount done
Event: 293.060 Executing VM operation: GetOwnedMonitorInfo
Event: 293.060 Executing VM operation: GetOwnedMonitorInfo done
Event: 293.060 Executing VM operation: GetCurrentContendedMonitor
Event: 293.060 Executing VM operation: GetCurrentContendedMonitor done
Event: 293.122 Executing VM operation: GetFrameLocation
Event: 293.122 Executing VM operation: GetFrameLocation done
Event: 293.122 Executing VM operation: GetOrSetLocal


Dynamic libraries:
0x000000010497b000 	/Library/Java/JavaVirtualMachines/amazon-corretto-11.jdk/Contents/Home/lib/jli/libjli.dylib
0x00007ff82d7c6000 	/System/Library/Frameworks/Cocoa.framework/Versions/A/Cocoa
0x00007ff819604000 	/System/Library/Frameworks/AppKit.framework/Versions/C/AppKit
0x00007ff81caf1000 	/System/Library/Frameworks/CoreData.framework/Versions/A/CoreData
0x00007ff817a1f000 	/System/Library/Frameworks/Foundation.framework/Versions/C/Foundation
0x00007ff821966000 	/usr/lib/libSystem.B.dylib
0x00007ff81a491000 	/System/Library/PrivateFrameworks/UIFoundation.framework/Versions/A/UIFoundation
0x00007ff82779e000 	/System/Library/PrivateFrameworks/RemoteViewServices.framework/Versions/A/RemoteViewServices
0x00007ff81fb12000 	/System/Library/PrivateFrameworks/XCTTargetBootstrap.framework/Versions/A/XCTTargetBootstrap
0x00007ff823775000 	/System/Library/PrivateFrameworks/InternationalSupport.framework/Versions/A/InternationalSupport
0x00007ff8237ff000 	/System/Library/PrivateFrameworks/UserActivity.framework/Versions/A/UserActivity
0x00007ff822b55000 	/usr/lib/libspindump.dylib
0x00007ff81a71f000 	/System/Library/Frameworks/UniformTypeIdentifiers.framework/Versions/A/UniformTypeIdentifiers
0x00007ff81e251000 	/usr/lib/libapp_launch_measurement.dylib
0x00007ff81d4bb000 	/System/Library/PrivateFrameworks/CoreAnalytics.framework/Versions/A/CoreAnalytics
0x00007ff81e254000 	/System/Library/PrivateFrameworks/CoreAutoLayout.framework/Versions/A/CoreAutoLayout
0x00007ff81f473000 	/System/Library/Frameworks/Metal.framework/Versions/A/Metal
0x00007ff820188000 	/usr/lib/liblangid.dylib
0x00007ff81fb16000 	/System/Library/PrivateFrameworks/CoreSVG.framework/Versions/A/CoreSVG
0x00007ff81bae1000 	/System/Library/PrivateFrameworks/SkyLight.framework/Versions/A/SkyLight
0x00007ff81be72000 	/System/Library/Frameworks/CoreGraphics.framework/Versions/A/CoreGraphics
0x00007ff827e09000 	/System/Library/Frameworks/Accelerate.framework/Versions/A/Accelerate
0x00007ff8225d0000 	/System/Library/PrivateFrameworks/IconServices.framework/Versions/A/IconServices
0x00007ff81f458000 	/System/Library/Frameworks/IOSurface.framework/Versions/A/IOSurface
0x00007ff81d4e9000 	/usr/lib/libDiagnosticMessagesClient.dylib
0x00007ff821886000 	/usr/lib/libz.1.dylib
0x00007ff82b468000 	/System/Library/Frameworks/ApplicationServices.framework/Versions/A/ApplicationServices
0x00007ff81fafe000 	/System/Library/PrivateFrameworks/DFRFoundation.framework/Versions/A/DFRFoundation
0x00007ff818ef5000 	/usr/lib/libicucore.A.dylib
0x00007ff824497000 	/System/Library/Frameworks/AudioToolbox.framework/Versions/A/AudioToolbox
0x00007ff823781000 	/System/Library/PrivateFrameworks/DataDetectorsCore.framework/Versions/A/DataDetectorsCore
0x00007ff91efc7000 	/System/Library/PrivateFrameworks/TextInput.framework/Versions/A/TextInput
0x00007ff81ba64000 	/usr/lib/libMobileGestalt.dylib
0x00007ff81f806000 	/System/Library/Frameworks/Carbon.framework/Versions/A/Frameworks/HIToolbox.framework/Versions/A/HIToolbox
0x00007ff81dc7f000 	/System/Library/Frameworks/QuartzCore.framework/Versions/A/QuartzCore
0x00007ff818b96000 	/System/Library/Frameworks/Security.framework/Versions/A/Security
0x00007ff8277d6000 	/System/Library/Frameworks/Carbon.framework/Versions/A/Frameworks/SpeechRecognition.framework/Versions/A/SpeechRecognition
0x00007ff81dfb1000 	/System/Library/PrivateFrameworks/CoreUI.framework/Versions/A/CoreUI
0x00007ff818470000 	/System/Library/Frameworks/CoreAudio.framework/Versions/A/CoreAudio
0x00007ff81d5d7000 	/System/Library/Frameworks/DiskArbitration.framework/Versions/A/DiskArbitration
0x00007ff822f3c000 	/System/Library/PrivateFrameworks/MultitouchSupport.framework/Versions/A/MultitouchSupport
0x00007ff81ba63000 	/usr/lib/libenergytrace.dylib
0x00007ff8194f0000 	/System/Library/Frameworks/IOKit.framework/Versions/A/IOKit
0x00007ff827bc0000 	/System/Library/Frameworks/CoreServices.framework/Versions/A/CoreServices
0x00007ff81e1eb000 	/System/Library/PrivateFrameworks/PerformanceAnalysis.framework/Versions/A/PerformanceAnalysis
0x00007ffa2e588000 	/System/Library/Frameworks/OpenGL.framework/Versions/A/OpenGL
0x00007ff820ebe000 	/System/Library/PrivateFrameworks/MobileKeyBag.framework/Versions/A/MobileKeyBag
0x00007ff8169e0000 	/usr/lib/libobjc.A.dylib
0x00007ff81c53e000 	/System/Library/Frameworks/ColorSync.framework/Versions/A/ColorSync
0x00007ff816b99000 	/System/Library/Frameworks/CoreFoundation.framework/Versions/A/CoreFoundation
0x00007ff81fd8f000 	/System/Library/Frameworks/CoreImage.framework/Versions/A/CoreImage
0x00007ff818286000 	/System/Library/Frameworks/CoreText.framework/Versions/A/CoreText
0x00007ff81fb45000 	/System/Library/Frameworks/ImageIO.framework/Versions/A/ImageIO
0x00007ff82196c000 	/System/Library/PrivateFrameworks/SoftLinking.framework/Versions/A/SoftLinking
0x00007ff81e29c000 	/usr/lib/libxml2.2.dylib
0x00007ff816aa6000 	/usr/lib/libc++.1.dylib
0x00007ff821bef000 	/usr/lib/libcompression.dylib
0x00007ff8236ab000 	/System/Library/PrivateFrameworks/TextureIO.framework/Versions/A/TextureIO
0x00007ff8222e2000 	/usr/lib/libate.dylib
0x00007ff821961000 	/usr/lib/system/libcache.dylib
0x00007ff82191d000 	/usr/lib/system/libcommonCrypto.dylib
0x00007ff821946000 	/usr/lib/system/libcompiler_rt.dylib
0x00007ff82193c000 	/usr/lib/system/libcopyfile.dylib
0x00007ff8168da000 	/usr/lib/system/libcorecrypto.dylib
0x00007ff816999000 	/usr/lib/system/libdispatch.dylib
0x00007ff816b58000 	/usr/lib/system/libdyld.dylib
0x00007ff821958000 	/usr/lib/system/libkeymgr.dylib
0x00007ff8218fb000 	/usr/lib/system/libmacho.dylib
0x00007ff820f92000 	/usr/lib/system/libquarantine.dylib
0x00007ff821956000 	/usr/lib/system/libremovefile.dylib
0x00007ff81bab0000 	/usr/lib/system/libsystem_asl.dylib
0x00007ff816888000 	/usr/lib/system/libsystem_blocks.dylib
0x00007ff816a1d000 	/usr/lib/system/libsystem_c.dylib
0x00007ff82194e000 	/usr/lib/system/libsystem_collections.dylib
0x00007ff820179000 	/usr/lib/system/libsystem_configuration.dylib
0x00007ff81f43b000 	/usr/lib/system/libsystem_containermanager.dylib
0x00007ff82163a000 	/usr/lib/system/libsystem_coreservices.dylib
0x00007ff81917e000 	/usr/lib/system/libsystem_darwin.dylib
0x00007ff821959000 	/usr/lib/system/libsystem_dnssd.dylib
0x00007ff816a1a000 	/usr/lib/system/libsystem_featureflags.dylib
0x00007ff816b6e000 	/usr/lib/system/libsystem_info.dylib
0x00007ff821899000 	/usr/lib/system/libsystem_m.dylib
0x00007ff81696d000 	/usr/lib/system/libsystem_malloc.dylib
0x00007ff81ba4d000 	/usr/lib/system/libsystem_networkextension.dylib
0x00007ff8195a6000 	/usr/lib/system/libsystem_notify.dylib
0x00007ff827a97000 	/usr/lib/system/libsystem_product_info_filter.dylib
0x00007ff82017d000 	/usr/lib/system/libsystem_sandbox.dylib
0x00007ff821953000 	/usr/lib/system/libsystem_secinit.dylib
0x00007ff816b15000 	/usr/lib/system/libsystem_kernel.dylib
0x00007ff816b64000 	/usr/lib/system/libsystem_platform.dylib
0x00007ff816b4c000 	/usr/lib/system/libsystem_pthread.dylib
0x00007ff81d301000 	/usr/lib/system/libsystem_symptoms.dylib
0x00007ff8168c1000 	/usr/lib/system/libsystem_trace.dylib
0x00007ff821929000 	/usr/lib/system/libunwind.dylib
0x00007ff81688a000 	/usr/lib/system/libxpc.dylib
0x00007ff816aff000 	/usr/lib/libc++abi.dylib
0x00007ff821934000 	/usr/lib/liboah.dylib
0x00007ff8220c0000 	/usr/lib/liblzma.5.dylib
0x00007ff817730000 	/System/Library/Frameworks/SystemConfiguration.framework/Versions/A/SystemConfiguration
0x00007ff821968000 	/usr/lib/libfakelink.dylib
0x00007ff81b5b7000 	/System/Library/Frameworks/CFNetwork.framework/Versions/A/CFNetwork
0x00007ff821aa7000 	/usr/lib/libarchive.2.dylib
0x00007ff820184000 	/System/Library/PrivateFrameworks/AppleSystemInfo.framework/Versions/A/AppleSystemInfo
0x00007ff820fb8000 	/usr/lib/libbsm.0.dylib
0x00007ff81abee000 	/usr/lib/libnetwork.dylib
0x00007ff821901000 	/usr/lib/system/libkxld.dylib
0x00007ff820be7000 	/System/Library/PrivateFrameworks/IOMobileFramebuffer.framework/Versions/A/IOMobileFramebuffer
0x00007ffb2c071000 	/usr/lib/libCoreEntitlements.dylib
0x00007ff82161c000 	/System/Library/PrivateFrameworks/AppleFSCompression.framework/Versions/A/AppleFSCompression
0x00007ff820fa1000 	/usr/lib/libcoretls.dylib
0x00007ff8220da000 	/usr/lib/libcoretls_cfhelpers.dylib
0x00007ff821bea000 	/usr/lib/libpam.2.dylib
0x00007ff81cf23000 	/usr/lib/libsqlite3.dylib
0x00007ff822149000 	/usr/lib/libxar.1.dylib
0x00007ff82162c000 	/usr/lib/libbz2.1.0.dylib
0x00007ff82196d000 	/usr/lib/libpcap.A.dylib
0x00007ff81d2f8000 	/usr/lib/libdns_services.dylib
0x00007ff821bb9000 	/usr/lib/libapple_nghttp2.dylib
0x00007ff8219a4000 	/usr/lib/libiconv.2.dylib
0x00007ff8218fa000 	/usr/lib/libcharset.1.dylib
0x00007ff81e21f000 	/System/Library/Frameworks/CoreServices.framework/Versions/A/Frameworks/FSEvents.framework/Versions/A/FSEvents
0x00007ff819188000 	/System/Library/Frameworks/CoreServices.framework/Versions/A/Frameworks/CarbonCore.framework/Versions/A/CarbonCore
0x00007ff81d53c000 	/System/Library/Frameworks/CoreServices.framework/Versions/A/Frameworks/Metadata.framework/Versions/A/Metadata
0x00007ff82163f000 	/System/Library/Frameworks/CoreServices.framework/Versions/A/Frameworks/OSServices.framework/Versions/A/OSServices
0x00007ff821b2d000 	/System/Library/Frameworks/CoreServices.framework/Versions/A/Frameworks/SearchKit.framework/Versions/A/SearchKit
0x00007ff81d28a000 	/System/Library/Frameworks/CoreServices.framework/Versions/A/Frameworks/AE.framework/Versions/A/AE
0x00007ff81709c000 	/System/Library/Frameworks/CoreServices.framework/Versions/A/Frameworks/LaunchServices.framework/Versions/A/LaunchServices
0x00007ff822071000 	/System/Library/Frameworks/CoreServices.framework/Versions/A/Frameworks/DictionaryServices.framework/Versions/A/DictionaryServices
0x00007ff81e22c000 	/System/Library/Frameworks/CoreServices.framework/Versions/A/Frameworks/SharedFileList.framework/Versions/A/SharedFileList
0x00007ff820f95000 	/usr/lib/libCheckFix.dylib
0x00007ff81bac7000 	/System/Library/PrivateFrameworks/TCC.framework/Versions/A/TCC
0x00007ff82018a000 	/System/Library/PrivateFrameworks/CoreNLP.framework/Versions/A/CoreNLP
0x00007ff81d4ec000 	/System/Library/PrivateFrameworks/MetadataUtilities.framework/Versions/A/MetadataUtilities
0x00007ff8177e0000 	/usr/lib/libmecabra.dylib
0x00007ff820fc8000 	/usr/lib/libmecab.dylib
0x00007ff8177ab000 	/usr/lib/libCRFSuite.dylib
0x00007ff821025000 	/usr/lib/libgermantok.dylib
0x00007ff821b94000 	/usr/lib/libThaiTokenizer.dylib
0x00007ff81d5de000 	/System/Library/Frameworks/Accelerate.framework/Versions/A/Frameworks/vImage.framework/Versions/A/vImage
0x00007ff827b97000 	/System/Library/Frameworks/Accelerate.framework/Versions/A/Frameworks/vecLib.framework/Versions/A/vecLib
0x00007ff82218a000 	/System/Library/Frameworks/Accelerate.framework/Versions/A/Frameworks/vecLib.framework/Versions/A/libvMisc.dylib
0x00007ff820a05000 	/System/Library/Frameworks/Accelerate.framework/Versions/A/Frameworks/vecLib.framework/Versions/A/libvDSP.dylib
0x00007ff817414000 	/System/Library/Frameworks/Accelerate.framework/Versions/A/Frameworks/vecLib.framework/Versions/A/libBLAS.dylib
0x00007ff821ccb000 	/System/Library/Frameworks/Accelerate.framework/Versions/A/Frameworks/vecLib.framework/Versions/A/libLAPACK.dylib
0x00007ff821028000 	/System/Library/Frameworks/Accelerate.framework/Versions/A/Frameworks/vecLib.framework/Versions/A/libLinearAlgebra.dylib
0x00007ff821bd2000 	/System/Library/Frameworks/Accelerate.framework/Versions/A/Frameworks/vecLib.framework/Versions/A/libSparseBLAS.dylib
0x00007ff821cc5000 	/System/Library/Frameworks/Accelerate.framework/Versions/A/Frameworks/vecLib.framework/Versions/A/libQuadrature.dylib
0x00007ff820274000 	/System/Library/Frameworks/Accelerate.framework/Versions/A/Frameworks/vecLib.framework/Versions/A/libBNNS.dylib
0x00007ff8176c1000 	/System/Library/Frameworks/Accelerate.framework/Versions/A/Frameworks/vecLib.framework/Versions/A/libSparse.dylib
0x00007ff82026d000 	/System/Library/PrivateFrameworks/LinguisticData.framework/Versions/A/LinguisticData
0x00007ff817676000 	/System/Library/PrivateFrameworks/Lexicon.framework/Versions/A/Lexicon
0x00007ff822183000 	/usr/lib/libChineseTokenizer.dylib
0x00007ff817dda000 	/System/Library/PrivateFrameworks/LanguageModeling.framework/Versions/A/LanguageModeling
0x00007ff821b96000 	/System/Library/PrivateFrameworks/AppleSauce.framework/Versions/A/AppleSauce
0x00007ff820bd5000 	/System/Library/PrivateFrameworks/CoreEmoji.framework/Versions/A/CoreEmoji
0x00007ff821a96000 	/usr/lib/libcmph.dylib
0x00007ff81e203000 	/System/Library/Frameworks/OpenDirectory.framework/Versions/A/Frameworks/CFOpenDirectory.framework/Versions/A/CFOpenDirectory
0x00007ff81e1f7000 	/System/Library/Frameworks/OpenDirectory.framework/Versions/A/OpenDirectory
0x00007ff8220dc000 	/System/Library/PrivateFrameworks/APFS.framework/Versions/A/APFS
0x00007ff820ef6000 	/System/Library/Frameworks/SecurityFoundation.framework/Versions/A/SecurityFoundation
0x00007ff822157000 	/usr/lib/libutil.dylib
0x00007ff8194b3000 	/System/Library/PrivateFrameworks/CoreServicesStore.framework/Versions/A/CoreServicesStore
0x00007ff82215b000 	/usr/lib/libxslt.1.dylib
0x00007ff820f83000 	/System/Library/PrivateFrameworks/BackgroundTaskManagement.framework/Versions/A/BackgroundTaskManagement
0x00007ff8235cb000 	/System/Library/Frameworks/ImageIO.framework/Versions/A/Resources/libRadiance.dylib
0x00007ff8235d4000 	/System/Library/Frameworks/ImageIO.framework/Versions/A/Resources/libJPEG.dylib
0x00007ff823524000 	/System/Library/Frameworks/ImageIO.framework/Versions/A/Resources/libPng.dylib
0x00007ff823545000 	/System/Library/Frameworks/ImageIO.framework/Versions/A/Resources/libTIFF.dylib
0x00007ff823634000 	/System/Library/Frameworks/ImageIO.framework/Versions/A/Resources/libGIF.dylib
0x00007ff822e55000 	/System/Library/Frameworks/ImageIO.framework/Versions/A/Resources/libJP2.dylib
0x00007ff822597000 	/usr/lib/libexpat.1.dylib
0x00007ff822e0a000 	/System/Library/PrivateFrameworks/AppleJPEG.framework/Versions/A/AppleJPEG
0x00007ff81f6cd000 	/System/Library/PrivateFrameworks/FontServices.framework/libFontParser.dylib
0x00007ff81d234000 	/System/Library/PrivateFrameworks/RunningBoardServices.framework/Versions/A/RunningBoardServices
0x00007ff82dd37000 	/System/Library/PrivateFrameworks/IOSurfaceAccelerator.framework/Versions/A/IOSurfaceAccelerator
0x00007ff822f38000 	/System/Library/PrivateFrameworks/WatchdogClient.framework/Versions/A/WatchdogClient
0x00007ff817ec9000 	/System/Library/Frameworks/CoreDisplay.framework/Versions/A/CoreDisplay
0x00007ff81f5cd000 	/System/Library/Frameworks/CoreMedia.framework/Versions/A/CoreMedia
0x00007ff81f46a000 	/System/Library/PrivateFrameworks/IOAccelerator.framework/Versions/A/IOAccelerator
0x00007ff81e37f000 	/System/Library/Frameworks/CoreVideo.framework/Versions/A/CoreVideo
0x00007ff821be8000 	/System/Library/Frameworks/MetalPerformanceShaders.framework/Versions/A/MetalPerformanceShaders
0x00007ff822f73000 	/System/Library/Frameworks/VideoToolbox.framework/Versions/A/VideoToolbox
0x00007ff81d17c000 	/System/Library/PrivateFrameworks/BaseBoard.framework/Versions/A/BaseBoard
0x00007ff81cf09000 	/System/Library/PrivateFrameworks/ProtocolBuffer.framework/Versions/A/ProtocolBuffer
0x00007ff8235c4000 	/System/Library/PrivateFrameworks/GPUWrangler.framework/Versions/A/GPUWrangler
0x00007ff8235a7000 	/System/Library/PrivateFrameworks/IOPresentment.framework/Versions/A/IOPresentment
0x00007ff8235ce000 	/System/Library/PrivateFrameworks/DSExternalDisplay.framework/Versions/A/DSExternalDisplay
0x00007ffa2e57c000 	/System/Library/Frameworks/OpenGL.framework/Versions/A/Libraries/libCoreFSCache.dylib
0x00007ffb1a670000 	/System/Library/PrivateFrameworks/GPUCompiler.framework/Versions/31001/Libraries/libGPUCompilerUtils.dylib
0x00007ff823639000 	/System/Library/PrivateFrameworks/CMCaptureCore.framework/Versions/A/CMCaptureCore
0x00007ff822b43000 	/System/Library/PrivateFrameworks/AppServerSupport.framework/Versions/A/AppServerSupport
0x00007ff824d14000 	/System/Library/PrivateFrameworks/perfdata.framework/Versions/A/perfdata
0x00007ff817ff5000 	/System/Library/PrivateFrameworks/AudioToolboxCore.framework/Versions/A/AudioToolboxCore
0x00007ff81f5aa000 	/System/Library/PrivateFrameworks/caulk.framework/Versions/A/caulk
0x00007ff824641000 	/usr/lib/libAudioStatistics.dylib
0x00007ff91b886000 	/System/Library/PrivateFrameworks/SystemPolicy.framework/Versions/A/SystemPolicy
0x00007ff82488d000 	/usr/lib/libSMC.dylib
0x00007ff82d679000 	/System/Library/Frameworks/CoreMIDI.framework/Versions/A/CoreMIDI
0x00007ff8234f4000 	/usr/lib/libAudioToolboxUtility.dylib
0x00007ff917d0e000 	/System/Library/PrivateFrameworks/OSAServicesClient.framework/Versions/A/OSAServicesClient
0x00007ff824d21000 	/usr/lib/libperfcheck.dylib
0x00007ff91c312000 	/usr/lib/libmis.dylib
0x00007ffa2e5d8000 	/System/Library/Frameworks/OpenGL.framework/Versions/A/Libraries/libGLU.dylib
0x00007ffa2e59b000 	/System/Library/Frameworks/OpenGL.framework/Versions/A/Libraries/libGFXShared.dylib
0x00007ffa2e7a9000 	/System/Library/Frameworks/OpenGL.framework/Versions/A/Libraries/libGL.dylib
0x00007ffa2e5a4000 	/System/Library/Frameworks/OpenGL.framework/Versions/A/Libraries/libGLImage.dylib
0x00007ffa2e598000 	/System/Library/Frameworks/OpenGL.framework/Versions/A/Libraries/libCVMSPluginSupport.dylib
0x00007ffa2e583000 	/System/Library/Frameworks/OpenGL.framework/Versions/A/Libraries/libCoreVMClient.dylib
0x00007ff820108000 	/System/Library/Frameworks/MetalPerformanceShaders.framework/Versions/A/Frameworks/MPSCore.framework/Versions/A/MPSCore
0x00007ff821587000 	/System/Library/Frameworks/MetalPerformanceShaders.framework/Versions/A/Frameworks/MPSImage.framework/Versions/A/MPSImage
0x00007ff82103e000 	/System/Library/Frameworks/MetalPerformanceShaders.framework/Versions/A/Frameworks/MPSNeuralNetwork.framework/Versions/A/MPSNeuralNetwork
0x00007ff8214b3000 	/System/Library/Frameworks/MetalPerformanceShaders.framework/Versions/A/Frameworks/MPSMatrix.framework/Versions/A/MPSMatrix
0x00007ff82126f000 	/System/Library/Frameworks/MetalPerformanceShaders.framework/Versions/A/Frameworks/MPSRayIntersector.framework/Versions/A/MPSRayIntersector
0x00007ff8214ec000 	/System/Library/Frameworks/MetalPerformanceShaders.framework/Versions/A/Frameworks/MPSNDArray.framework/Versions/A/MPSNDArray
0x00007ffa33181000 	/System/Library/Frameworks/MetalPerformanceShaders.framework/Versions/A/Frameworks/MPSFunctions.framework/Versions/A/MPSFunctions
0x00007ff8172f7000 	/System/Library/PrivateFrameworks/MetalTools.framework/Versions/A/MetalTools
0x00007ff820182000 	/System/Library/PrivateFrameworks/AggregateDictionary.framework/Versions/A/AggregateDictionary
0x00007ff822379000 	/usr/lib/libIOReport.dylib
0x00007ffa2fbb8000 	/System/Library/Frameworks/OpenCL.framework/Versions/A/OpenCL
0x00007ff8226dd000 	/System/Library/PrivateFrameworks/FaceCore.framework/Versions/A/FaceCore
0x00007ff8226ce000 	/System/Library/PrivateFrameworks/GraphVisualizer.framework/Versions/A/GraphVisualizer
0x00007ffb1a57b000 	/System/Library/PrivateFrameworks/FontServices.framework/Versions/A/FontServices
0x00007ff822afa000 	/System/Library/PrivateFrameworks/OTSVG.framework/Versions/A/OTSVG
0x00007ff81df67000 	/System/Library/Frameworks/ApplicationServices.framework/Versions/A/Frameworks/ATS.framework/Versions/A/Resources/libFontRegistry.dylib
0x00007ff822b4b000 	/System/Library/PrivateFrameworks/FontServices.framework/libhvf.dylib
0x00007ffb1a57c000 	/System/Library/PrivateFrameworks/FontServices.framework/libXTFontStaticRegistryData.dylib
0x00007ff822547000 	/System/Library/PrivateFrameworks/AppleVA.framework/Versions/A/AppleVA
0x00007ff824661000 	/System/Library/Frameworks/ApplicationServices.framework/Versions/A/Frameworks/ATS.framework/Versions/A/ATS
0x00007ff81c63a000 	/System/Library/Frameworks/ApplicationServices.framework/Versions/A/Frameworks/HIServices.framework/Versions/A/HIServices
0x00007ff823643000 	/System/Library/Frameworks/ApplicationServices.framework/Versions/A/Frameworks/PrintCore.framework/Versions/A/PrintCore
0x00007ff8249e0000 	/System/Library/Frameworks/ApplicationServices.framework/Versions/A/Frameworks/QD.framework/Versions/A/QD
0x00007ff8249d8000 	/System/Library/Frameworks/ApplicationServices.framework/Versions/A/Frameworks/ColorSyncLegacy.framework/Versions/A/ColorSyncLegacy
0x00007ff824651000 	/System/Library/Frameworks/ApplicationServices.framework/Versions/A/Frameworks/SpeechSynthesis.framework/Versions/A/SpeechSynthesis
0x00007ff823604000 	/System/Library/Frameworks/ApplicationServices.framework/Versions/A/Frameworks/ATSUI.framework/Versions/A/ATSUI
0x00007ff82496d000 	/usr/lib/libcups.2.dylib
0x00007ff824d30000 	/System/Library/Frameworks/Kerberos.framework/Versions/A/Kerberos
0x00007ff824d3f000 	/System/Library/Frameworks/GSS.framework/Versions/A/GSS
0x00007ff8246cd000 	/usr/lib/libresolv.9.dylib
0x00007ff822b5a000 	/System/Library/PrivateFrameworks/Heimdal.framework/Versions/A/Heimdal
0x00007ff82b7e3000 	/System/Library/Frameworks/Kerberos.framework/Versions/A/Libraries/libHeimdalProxy.dylib
0x00007ff81d309000 	/System/Library/Frameworks/Network.framework/Versions/A/Network
0x00007ff8225b1000 	/usr/lib/libheimdal-asn1.dylib
0x00007ff824d8a000 	/System/Library/PrivateFrameworks/CommonAuth.framework/Versions/A/CommonAuth
0x00007ff8245d2000 	/System/Library/PrivateFrameworks/AudioSession.framework/Versions/A/AudioSession
0x00007ff822641000 	/System/Library/PrivateFrameworks/MediaExperience.framework/Versions/A/MediaExperience
0x00007ff824466000 	/System/Library/PrivateFrameworks/AudioSession.framework/libSessionUtility.dylib
0x00007ff8249ec000 	/System/Library/PrivateFrameworks/AudioResourceArbitration.framework/Versions/A/AudioResourceArbitration
0x00007ff8225ba000 	/System/Library/PrivateFrameworks/IconFoundation.framework/Versions/A/IconFoundation
0x00007ff8277c6000 	/System/Library/PrivateFrameworks/SpeechRecognitionCore.framework/Versions/A/SpeechRecognitionCore
0x00000001056e0000 	/Library/Java/JavaVirtualMachines/amazon-corretto-11.jdk/Contents/Home/lib/server/libjvm.dylib
0x00000001049c8000 	/Library/Java/JavaVirtualMachines/amazon-corretto-11.jdk/Contents/Home/lib/libverify.dylib
0x0000000104a05000 	/Library/Java/JavaVirtualMachines/amazon-corretto-11.jdk/Contents/Home/lib/libjava.dylib
0x0000000104a6e000 	/Library/Java/JavaVirtualMachines/amazon-corretto-11.jdk/Contents/Home/lib/libjdwp.dylib
0x00000001049d9000 	/Library/Java/JavaVirtualMachines/amazon-corretto-11.jdk/Contents/Home/lib/libinstrument.dylib
0x00000001049f7000 	/Library/Java/JavaVirtualMachines/amazon-corretto-11.jdk/Contents/Home/lib/libzip.dylib
0x0000000104a31000 	/Library/Java/JavaVirtualMachines/amazon-corretto-11.jdk/Contents/Home/lib/libjimage.dylib
0x0000000104a56000 	/Library/Java/JavaVirtualMachines/amazon-corretto-11.jdk/Contents/Home/lib/libdt_socket.dylib
0x000000010565a000 	/Library/Java/JavaVirtualMachines/amazon-corretto-11.jdk/Contents/Home/lib/libnio.dylib
0x0000000105687000 	/Library/Java/JavaVirtualMachines/amazon-corretto-11.jdk/Contents/Home/lib/libnet.dylib
0x0000000104a60000 	/Library/Java/JavaVirtualMachines/amazon-corretto-11.jdk/Contents/Home/lib/libextnet.dylib


VM Arguments:
jvm_args: -agentlib:jdwp=transport=dt_socket,suspend=y,address=localhost:54187 -ea -javaagent:/usr/local/DevTools/eclipse/ide/2020-12-conductor/Eclipse.app/Contents/Eclipse/configuration/org.eclipse.osgi/257/0/.cp/lib/javaagent-shaded.jar -Dfile.encoding=UTF-8 
java_command: org.eclipse.jdt.internal.junit.runner.RemoteTestRunner -version 3 -port 54186 -testLoaderClass org.eclipse.jdt.internal.junit5.runner.JUnit5TestLoader -loaderpluginname org.eclipse.jdt.junit5.runtime -test io.dangernoodle.grt.credentials.JsonCredentialsTest:testNullCredentials -uniqueId [engine:junit-jupiter]/[class:io.dangernoodle.grt.credentials.JsonCredentialsTest]/[method:testNullCredentials()]
java_class_path (initial): /Users/jae/projects/scriptkitty/github-repository-tools/target/test-classes:/Users/jae/projects/scriptkitty/github-repository-tools/target/classes:/usr/local/DevTools/maven-repo/conductor/com/diogonunes/JColor/5.2.0/JColor-5.2.0.jar:/usr/local/DevTools/maven-repo/conductor/net/java/dev/jna/jna/5.8.0/jna-5.8.0.jar:/usr/local/DevTools/maven-repo/conductor/net/java/dev/jna/jna-platform/5.8.0/jna-platform-5.8.0.jar:/usr/local/DevTools/maven-repo/conductor/com/github/everit-org/json-schema/org.everit.json.schema/1.8.0/org.everit.json.schema-1.8.0.jar:/usr/local/DevTools/maven-repo/conductor/org/json/json/20180130/json-20180130.jar:/usr/local/DevTools/maven-repo/conductor/com/google/guava/guava/30.1-jre/guava-30.1-jre.jar:/usr/local/DevTools/maven-repo/conductor/com/google/guava/failureaccess/1.0.1/failureaccess-1.0.1.jar:/usr/local/DevTools/maven-repo/conductor/com/google/guava/listenablefuture/9999.0-empty-to-avoid-conflict-with-guava/listenablefuture-9999.0-empty-to-avoid-conflict-with-guava.jar:/usr/local/DevTools/maven-repo/conductor/org/checkerframework/checker-qual/3.5.0/checker-qual-3.5.0.jar:/usr/local/DevTools/maven-repo/conductor/com/google/errorprone/error_prone_annotations/2.3.4/error_prone_annotations-2.3.4.jar:/usr/local/DevTools/maven-repo/conductor/com/google/j2objc/j2objc-annotations/1.3/j2objc-annotations-1.3.jar:/usr/local/DevTools/maven-repo/conductor/commons-validator/commons-validator/1.6/commons-validator-1.6.jar:/usr/local/DevTools/maven-repo/conductor/commons-beanutils/commons-beanutils/1.9.2/commons-beanutils-1.9.2.jar:/usr/local/DevTools/maven-repo/conductor/commons-digester/commons-digester/1.8.1/commons-digester-1.8.1.jar:/usr/local/DevTools/maven-repo/conductor/commons-logging/commons-logging/1.2/commons-logging-1.2.jar:/usr/local/DevTools/maven-repo/conductor/commons-collections/commons-collections/3.2.2/commons-collections-3.2.2.jar:/usr/local/DevTools/maven-repo/conductor/com/damnhandy/handy-uri-templates/2.1.
Launcher Type: SUN_STANDARD

[Global flags]
     intx CICompilerCount                          = 12                                        {product} {ergonomic}
     uint ConcGCThreads                            = 3                                         {product} {ergonomic}
     uint G1ConcRefinementThreads                  = 13                                        {product} {ergonomic}
   size_t G1HeapRegionSize                         = 2097152                                   {product} {ergonomic}
    uintx GCDrainStackTargetSize                   = 64                                        {product} {ergonomic}
   size_t InitialHeapSize                          = 536870912                                 {product} {ergonomic}
   size_t MarkStackSize                            = 4194304                                   {product} {ergonomic}
   size_t MaxHeapSize                              = 8589934592                                {product} {ergonomic}
   size_t MaxNewSize                               = 5152702464                                {product} {ergonomic}
   size_t MinHeapDeltaBytes                        = 2097152                                   {product} {ergonomic}
    uintx NonNMethodCodeHeapSize                   = 7594288                                {pd product} {ergonomic}
    uintx NonProfiledCodeHeapSize                  = 122031976                              {pd product} {ergonomic}
    uintx ProfiledCodeHeapSize                     = 122031976                              {pd product} {ergonomic}
    uintx ReservedCodeCacheSize                    = 251658240                              {pd product} {ergonomic}
     bool SegmentedCodeCache                       = true                                      {product} {ergonomic}
     bool UseCompressedClassPointers               = true                                 {lp64_product} {ergonomic}
     bool UseCompressedOops                        = true                                 {lp64_product} {ergonomic}
     bool UseG1GC                                  = true                                      {product} {ergonomic}

Logging:
Log output configuration:
 #0: stdout all=warning uptime,level,tags
 #1: stderr all=off uptime,level,tags

Environment Variables:
PATH=/usr/bin:/bin:/usr/sbin:/sbin
SHELL=/bin/zsh

Signal Handlers:
SIGSEGV: [libjvm.dylib+0x75f4aa], sa_mask[0]=11111111011111110111111111111111, sa_flags=SA_ONSTACK|SA_RESTART|SA_SIGINFO
SIGBUS: [libjvm.dylib+0x75f4aa], sa_mask[0]=11111111011111110111111111111111, sa_flags=SA_RESTART|SA_SIGINFO
SIGFPE: [libjvm.dylib+0x75f4aa], sa_mask[0]=11111111011111110111111111111111, sa_flags=SA_RESTART|SA_SIGINFO
SIGPIPE: [libjvm.dylib+0x60092c], sa_mask[0]=11111111011111110111111111111111, sa_flags=SA_RESTART|SA_SIGINFO
SIGXFSZ: [libjvm.dylib+0x60092c], sa_mask[0]=11111111011111110111111111111111, sa_flags=SA_RESTART|SA_SIGINFO
SIGILL: [libjvm.dylib+0x75f4aa], sa_mask[0]=11111111011111110111111111111111, sa_flags=SA_RESTART|SA_SIGINFO
SIGUSR2: [libjvm.dylib+0x600f2a], sa_mask[0]=00100000000000000000000000000000, sa_flags=SA_RESTART|SA_SIGINFO
SIGHUP: [libjvm.dylib+0x5ffa07], sa_mask[0]=11111111011111110111111111111111, sa_flags=SA_RESTART|SA_SIGINFO
SIGINT: [libjvm.dylib+0x5ffa07], sa_mask[0]=11111111011111110111111111111111, sa_flags=SA_RESTART|SA_SIGINFO
SIGTERM: [libjvm.dylib+0x5ffa07], sa_mask[0]=11111111011111110111111111111111, sa_flags=SA_RESTART|SA_SIGINFO
SIGQUIT: [libjvm.dylib+0x5ffa07], sa_mask[0]=11111111011111110111111111111111, sa_flags=SA_RESTART|SA_SIGINFO


---------------  S Y S T E M  ---------------

OS:uname:Darwin 21.1.0 Darwin Kernel Version 21.1.0: Wed Oct 13 17:33:23 PDT 2021; root:xnu-8019.41.5~1/RELEASE_X86_64 x86_64
OS uptime: 60 days 7:58 hours
rlimit: STACK 8192k, CORE 0k, NPROC 5568, NOFILE 10240, AS infinity, CPU infinity, DATA infinity, FSIZE infinity
load average:1.83 1.93 1.84

CPU:total 16 (initial active 16) (8 cores per cpu, 2 threads per core) family 6 model 158 stepping 13, cmov, cx8, fxsr, mmx, sse, sse2, sse3, ssse3, sse4.1, sse4.2, popcnt, avx, avx2, aes, clmul, erms, 3dnowpref, lzcnt, ht, tsc, tscinvbit, bmi1, bmi2, adx, fma

Memory: 4k page, physical 33554432k(1492948k free), swap 5242880k(1300992k free)

vm_info: OpenJDK 64-Bit Server VM (11.0.7+10-LTS) for bsd-amd64 JRE (11.0.7+10-LTS), built on Apr  8 2020 15:48:16 by "corretto" with gcc 4.2.1 Compatible Apple LLVM 8.0.0 (clang-800.0.42.1)

END.
